#
# There is insufficient memory for the Java Runtime Environment to continue.
# Native memory allocation (mmap) failed to map 65536 bytes for Failed to commit metaspace.
# Possible reasons:
#   The system is out of physical RAM or swap space
#   The process is running with CompressedOops enabled, and the Java Heap may be blocking the growth of the native heap
# Possible solutions:
#   Reduce memory load on the system
#   Increase physical memory or swap space
#   Check if swap backing store is full
#   Decrease Java heap size (-Xmx/-Xms)
#   Decrease number of Java threads
#   Decrease Java thread stack sizes (-Xss)
#   Set larger code cache with -XX:ReservedCodeCacheSize=
#   JVM is running with Unscaled Compressed Oops mode in which the Java heap is
#     placed in the first 4GB address space. The Java Heap base address is the
#     maximum limit for the native heap growth. Please use -XX:HeapBaseMinAddress
#     to set the Java Heap base and to place the Java Heap above 4GB virtual address.
# This output file may be truncated or incomplete.
#
#  Out of Memory Error (virtualSpaceNode.cpp:110), pid=33544, tid=30432
#
# JRE version: OpenJDK Runtime Environment Temurin-17.0.8.1+1 (17.0.8.1+1) (build 17.0.8.1+1)
# Java VM: OpenJDK 64-Bit Server VM Temurin-17.0.8.1+1 (17.0.8.1+1, mixed mode, emulated-client, tiered, compressed oops, compressed class ptrs, g1 gc, windows-amd64)
# No core dump will be written. Minidumps are not enabled by default on client versions of Windows
#

---------------  S U M M A R Y ------------

Command Line: -XX:+HeapDumpOnOutOfMemoryError -Xmx1024m -Dsts.lsp.client=vscode -Dsts.log.file=/dev/null -XX:TieredStopAtLevel=1 -Xlog:jni+resolve=off -Dspring.config.location=file:c:\Users\BILAL\.vscode\extensions\vmware.vscode-spring-boot-1.49.0\language-server\BOOT-INF\classes\application.properties org.springframework.ide.vscode.boot.app.BootLanguageServerBootApp

Host: AMD Ryzen 7 4800H with Radeon Graphics         , 16 cores, 7G,  Windows 11 , 64 bit Build 22621 (10.0.22621.2428)
Time: Thu Oct 19 14:20:40 2023 India Standard Time elapsed time: 6.010589 seconds (0d 0h 0m 6s)

---------------  T H R E A D  ---------------

Current thread (0x00000240823631c0):  JavaThread "main" [_thread_in_vm, id=30432, stack(0x000000e4b2200000,0x000000e4b2300000)]

Stack: [0x000000e4b2200000,0x000000e4b2300000]
Native frames: (J=compiled Java code, j=interpreted, Vv=VM code, C=native code)
V  [jvm.dll+0x678b0a]
V  [jvm.dll+0x835e84]
V  [jvm.dll+0x83762e]
V  [jvm.dll+0x837c93]
V  [jvm.dll+0x24746f]
V  [jvm.dll+0x831f1b]
V  [jvm.dll+0x61d3c6]
V  [jvm.dll+0x61d42a]
V  [jvm.dll+0x61fc5a]
V  [jvm.dll+0x61dd66]
V  [jvm.dll+0x627c47]
V  [jvm.dll+0x1eb90b]
V  [jvm.dll+0x1ebe45]
V  [jvm.dll+0x1ec87f]
V  [jvm.dll+0x1e1d21]
V  [jvm.dll+0x53fba0]
V  [jvm.dll+0x1f2607]
V  [jvm.dll+0x7b06ab]
V  [jvm.dll+0x7b1a52]
V  [jvm.dll+0x7b1d88]
V  [jvm.dll+0x23f76e]
V  [jvm.dll+0x23f9bf]
V  [jvm.dll+0x55d333]
V  [jvm.dll+0x55f7b4]
V  [jvm.dll+0x3854bb]
V  [jvm.dll+0x384f72]
C  0x00000240867b7a75

Java frames: (J=compiled Java code, j=interpreted, Vv=VM code)
j  java.util.stream.FindOps.makeRef(Z)Ljava/util/stream/TerminalOp;+4 java.base@17.0.8.1
j  java.util.stream.ReferencePipeline.findFirst()Ljava/util/Optional;+2 java.base@17.0.8.1
j  org.springframework.boot.SpringApplication.findMainClass(Ljava/util/stream/Stream;)Ljava/util/Optional;+11
j  org.springframework.boot.SpringApplication$$Lambda$132+0x0000000100187910.apply(Ljava/lang/Object;)Ljava/lang/Object;+8
j  java.lang.StackStreamFactory$StackFrameTraverser.consumeFrames()Ljava/lang/Object;+25 java.base@17.0.8.1
j  java.lang.StackStreamFactory$AbstractStackWalker.doStackWalk(JIIII)Ljava/lang/Object;+78 java.base@17.0.8.1
v  ~StubRoutines::call_stub
j  java.lang.StackStreamFactory$AbstractStackWalker.callStackWalk(JIII[Ljava/lang/Object;)Ljava/lang/Object;+0 java.base@17.0.8.1
j  java.lang.StackStreamFactory$AbstractStackWalker.beginStackWalk()Ljava/lang/Object;+31 java.base@17.0.8.1
j  java.lang.StackStreamFactory$AbstractStackWalker.walk()Ljava/lang/Object;+8 java.base@17.0.8.1
j  java.lang.StackWalker.walk(Ljava/util/function/Function;)Ljava/lang/Object;+10 java.base@17.0.8.1
j  org.springframework.boot.SpringApplication.deduceMainApplicationClass()Ljava/lang/Class;+12
j  org.springframework.boot.SpringApplication.<init>(Lorg/springframework/core/io/ResourceLoader;[Ljava/lang/Class;)V+150
j  org.springframework.boot.SpringApplication.<init>([Ljava/lang/Class;)V+3
j  org.springframework.boot.SpringApplication.run([Ljava/lang/Class;[Ljava/lang/String;)Lorg/springframework/context/ConfigurableApplicationContext;+5
j  org.springframework.boot.SpringApplication.run(Ljava/lang/Class;[Ljava/lang/String;)Lorg/springframework/context/ConfigurableApplicationContext;+9
j  org.springframework.ide.vscode.boot.app.BootLanguageServerBootApp.main([Ljava/lang/String;)V+19
v  ~StubRoutines::call_stub

---------------  P R O C E S S  ---------------

Threads class SMR info:
_java_thread_list=0x000002409422dc50, length=12, elements={
0x00000240823631c0, 0x000002408fc01380, 0x000002408fc02110, 0x0000024094012010,
0x0000024094012ca0, 0x0000024094016590, 0x0000024094016e60, 0x00000240940197f0,
0x0000024094023a80, 0x0000024094218b00, 0x000002409422df20, 0x000002409423a6d0
}

Java Threads: ( => current thread )
=>0x00000240823631c0 JavaThread "main" [_thread_in_vm, id=30432, stack(0x000000e4b2200000,0x000000e4b2300000)]
  0x000002408fc01380 JavaThread "Reference Handler" daemon [_thread_blocked, id=24828, stack(0x000000e4b2900000,0x000000e4b2a00000)]
  0x000002408fc02110 JavaThread "Finalizer" daemon [_thread_blocked, id=28224, stack(0x000000e4b2a00000,0x000000e4b2b00000)]
  0x0000024094012010 JavaThread "Signal Dispatcher" daemon [_thread_blocked, id=28244, stack(0x000000e4b2b00000,0x000000e4b2c00000)]
  0x0000024094012ca0 JavaThread "Attach Listener" daemon [_thread_blocked, id=25696, stack(0x000000e4b2c00000,0x000000e4b2d00000)]
  0x0000024094016590 JavaThread "Service Thread" daemon [_thread_blocked, id=25156, stack(0x000000e4b2d00000,0x000000e4b2e00000)]
  0x0000024094016e60 JavaThread "Monitor Deflation Thread" daemon [_thread_blocked, id=32648, stack(0x000000e4b2e00000,0x000000e4b2f00000)]
  0x00000240940197f0 JavaThread "C1 CompilerThread0" daemon [_thread_blocked, id=31280, stack(0x000000e4b2f00000,0x000000e4b3000000)]
  0x0000024094023a80 JavaThread "Sweeper thread" daemon [_thread_blocked, id=34232, stack(0x000000e4b3000000,0x000000e4b3100000)]
  0x0000024094218b00 JavaThread "C1 CompilerThread1" daemon [_thread_blocked, id=14188, stack(0x000000e4b3100000,0x000000e4b3200000)]
  0x000002409422df20 JavaThread "Notification Thread" daemon [_thread_blocked, id=19728, stack(0x000000e4b3200000,0x000000e4b3300000)]
  0x000002409423a6d0 JavaThread "Common-Cleaner" daemon [_thread_blocked, id=25896, stack(0x000000e4b3400000,0x000000e4b3500000)]

Other Threads:
  0x000002408fbec400 VMThread "VM Thread" [stack: 0x000000e4b2800000,0x000000e4b2900000] [id=7292]
  0x0000024094230410 WatcherThread [stack: 0x000000e4b3300000,0x000000e4b3400000] [id=8444]
  0x000002408239ef80 GCTaskThread "GC Thread#0" [stack: 0x000000e4b2300000,0x000000e4b2400000] [id=13592]
  0x0000024094c18c00 GCTaskThread "GC Thread#1" [stack: 0x000000e4b3500000,0x000000e4b3600000] [id=27216]
  0x0000024094c873b0 GCTaskThread "GC Thread#2" [stack: 0x000000e4b3600000,0x000000e4b3700000] [id=23388]
  0x0000024094c87a80 GCTaskThread "GC Thread#3" [stack: 0x000000e4b3700000,0x000000e4b3800000] [id=25692]
  0x00000240823a9600 ConcurrentGCThread "G1 Main Marker" [stack: 0x000000e4b2400000,0x000000e4b2500000] [id=32092]
  0x00000240823a9f20 ConcurrentGCThread "G1 Conc#0" [stack: 0x000000e4b2500000,0x000000e4b2600000] [id=24276]
  0x000002408240d710 ConcurrentGCThread "G1 Refine#0" [stack: 0x000000e4b2600000,0x000000e4b2700000] [id=5388]
  0x000002408240e050 ConcurrentGCThread "G1 Service" [stack: 0x000000e4b2700000,0x000000e4b2800000] [id=34456]

Threads with active compile tasks:

VM state: not at safepoint (normal execution)

VM Mutex/Monitor currently owned by a thread:  ([mutex/lock_event])
[0x0000024082140670] Metaspace_lock - owner thread: 0x00000240823631c0

Heap address: 0x00000000c0000000, size: 1024 MB, Compressed Oops mode: 32-bit

CDS archive(s) not mapped
Compressed class space mapped at: 0x0000000100000000-0x0000000140000000, reserved size: 1073741824
Narrow klass base: 0x0000000000000000, Narrow klass shift: 3, Narrow klass range: 0x140000000

GC Precious Log:
 CPUs: 16 total, 16 available
 Memory: 7540M
 Large Page Support: Disabled
 NUMA Support: Disabled
 Compressed Oops: Enabled (32-bit)
 Heap Region Size: 1M
 Heap Min Capacity: 8M
 Heap Initial Capacity: 118M
 Heap Max Capacity: 1G
 Pre-touch: Disabled
 Parallel Workers: 13
 Concurrent Workers: 3
 Concurrent Refinement Workers: 13
 Periodic GC: Disabled

Heap:
 garbage-first heap   total 120832K, used 17371K [0x00000000c0000000, 0x0000000100000000)
  region size 1024K, 12 young (12288K), 3 survivors (3072K)
 Metaspace       used 11656K, committed 11840K, reserved 1114112K
  class space    used 1418K, committed 1536K, reserved 1048576K

Heap Regions: E=young(eden), S=young(survivor), O=old, HS=humongous(starts), HC=humongous(continues), CS=collection set, F=free, OA=open archive, CA=closed archive, TAMS=top-at-mark-start (previous, next)
|   0|0x00000000c0000000, 0x00000000c0100000, 0x00000000c0100000|100%| O|  |TAMS 0x00000000c0000000, 0x00000000c0000000| Untracked 
|   1|0x00000000c0100000, 0x00000000c0200000, 0x00000000c0200000|100%| O|  |TAMS 0x00000000c0100000, 0x00000000c0100000| Untracked 
|   2|0x00000000c0200000, 0x00000000c0300000, 0x00000000c0300000|100%| O|  |TAMS 0x00000000c0200000, 0x00000000c0200000| Untracked 
|   3|0x00000000c0300000, 0x00000000c0400000, 0x00000000c0400000|100%| O|  |TAMS 0x00000000c0300000, 0x00000000c0300000| Untracked 
|   4|0x00000000c0400000, 0x00000000c0500000, 0x00000000c0500000|100%| O|  |TAMS 0x00000000c0400000, 0x00000000c0400000| Untracked 
|   5|0x00000000c0500000, 0x00000000c05f6c00, 0x00000000c0600000| 96%| O|  |TAMS 0x00000000c0500000, 0x00000000c0500000| Untracked 
|   6|0x00000000c0600000, 0x00000000c0600000, 0x00000000c0700000|  0%| F|  |TAMS 0x00000000c0600000, 0x00000000c0600000| Untracked 
|   7|0x00000000c0700000, 0x00000000c0700000, 0x00000000c0800000|  0%| F|  |TAMS 0x00000000c0700000, 0x00000000c0700000| Untracked 
|   8|0x00000000c0800000, 0x00000000c0800000, 0x00000000c0900000|  0%| F|  |TAMS 0x00000000c0800000, 0x00000000c0800000| Untracked 
|   9|0x00000000c0900000, 0x00000000c0900000, 0x00000000c0a00000|  0%| F|  |TAMS 0x00000000c0900000, 0x00000000c0900000| Untracked 
|  10|0x00000000c0a00000, 0x00000000c0a00000, 0x00000000c0b00000|  0%| F|  |TAMS 0x00000000c0a00000, 0x00000000c0a00000| Untracked 
|  11|0x00000000c0b00000, 0x00000000c0b00000, 0x00000000c0c00000|  0%| F|  |TAMS 0x00000000c0b00000, 0x00000000c0b00000| Untracked 
|  12|0x00000000c0c00000, 0x00000000c0c00000, 0x00000000c0d00000|  0%| F|  |TAMS 0x00000000c0c00000, 0x00000000c0c00000| Untracked 
|  13|0x00000000c0d00000, 0x00000000c0d00000, 0x00000000c0e00000|  0%| F|  |TAMS 0x00000000c0d00000, 0x00000000c0d00000| Untracked 
|  14|0x00000000c0e00000, 0x00000000c0e00000, 0x00000000c0f00000|  0%| F|  |TAMS 0x00000000c0e00000, 0x00000000c0e00000| Untracked 
|  15|0x00000000c0f00000, 0x00000000c0f00000, 0x00000000c1000000|  0%| F|  |TAMS 0x00000000c0f00000, 0x00000000c0f00000| Untracked 
|  16|0x00000000c1000000, 0x00000000c1000000, 0x00000000c1100000|  0%| F|  |TAMS 0x00000000c1000000, 0x00000000c1000000| Untracked 
|  17|0x00000000c1100000, 0x00000000c1100000, 0x00000000c1200000|  0%| F|  |TAMS 0x00000000c1100000, 0x00000000c1100000| Untracked 
|  18|0x00000000c1200000, 0x00000000c1200000, 0x00000000c1300000|  0%| F|  |TAMS 0x00000000c1200000, 0x00000000c1200000| Untracked 
|  19|0x00000000c1300000, 0x00000000c1300000, 0x00000000c1400000|  0%| F|  |TAMS 0x00000000c1300000, 0x00000000c1300000| Untracked 
|  20|0x00000000c1400000, 0x00000000c1400000, 0x00000000c1500000|  0%| F|  |TAMS 0x00000000c1400000, 0x00000000c1400000| Untracked 
|  21|0x00000000c1500000, 0x00000000c1500000, 0x00000000c1600000|  0%| F|  |TAMS 0x00000000c1500000, 0x00000000c1500000| Untracked 
|  22|0x00000000c1600000, 0x00000000c1600000, 0x00000000c1700000|  0%| F|  |TAMS 0x00000000c1600000, 0x00000000c1600000| Untracked 
|  23|0x00000000c1700000, 0x00000000c1700000, 0x00000000c1800000|  0%| F|  |TAMS 0x00000000c1700000, 0x00000000c1700000| Untracked 
|  24|0x00000000c1800000, 0x00000000c1800000, 0x00000000c1900000|  0%| F|  |TAMS 0x00000000c1800000, 0x00000000c1800000| Untracked 
|  25|0x00000000c1900000, 0x00000000c1900000, 0x00000000c1a00000|  0%| F|  |TAMS 0x00000000c1900000, 0x00000000c1900000| Untracked 
|  26|0x00000000c1a00000, 0x00000000c1a00000, 0x00000000c1b00000|  0%| F|  |TAMS 0x00000000c1a00000, 0x00000000c1a00000| Untracked 
|  27|0x00000000c1b00000, 0x00000000c1b00000, 0x00000000c1c00000|  0%| F|  |TAMS 0x00000000c1b00000, 0x00000000c1b00000| Untracked 
|  28|0x00000000c1c00000, 0x00000000c1c00000, 0x00000000c1d00000|  0%| F|  |TAMS 0x00000000c1c00000, 0x00000000c1c00000| Untracked 
|  29|0x00000000c1d00000, 0x00000000c1d00000, 0x00000000c1e00000|  0%| F|  |TAMS 0x00000000c1d00000, 0x00000000c1d00000| Untracked 
|  30|0x00000000c1e00000, 0x00000000c1e00000, 0x00000000c1f00000|  0%| F|  |TAMS 0x00000000c1e00000, 0x00000000c1e00000| Untracked 
|  31|0x00000000c1f00000, 0x00000000c1f00000, 0x00000000c2000000|  0%| F|  |TAMS 0x00000000c1f00000, 0x00000000c1f00000| Untracked 
|  32|0x00000000c2000000, 0x00000000c2000000, 0x00000000c2100000|  0%| F|  |TAMS 0x00000000c2000000, 0x00000000c2000000| Untracked 
|  33|0x00000000c2100000, 0x00000000c2100000, 0x00000000c2200000|  0%| F|  |TAMS 0x00000000c2100000, 0x00000000c2100000| Untracked 
|  34|0x00000000c2200000, 0x00000000c2200000, 0x00000000c2300000|  0%| F|  |TAMS 0x00000000c2200000, 0x00000000c2200000| Untracked 
|  35|0x00000000c2300000, 0x00000000c2300000, 0x00000000c2400000|  0%| F|  |TAMS 0x00000000c2300000, 0x00000000c2300000| Untracked 
|  36|0x00000000c2400000, 0x00000000c2400000, 0x00000000c2500000|  0%| F|  |TAMS 0x00000000c2400000, 0x00000000c2400000| Untracked 
|  37|0x00000000c2500000, 0x00000000c2500000, 0x00000000c2600000|  0%| F|  |TAMS 0x00000000c2500000, 0x00000000c2500000| Untracked 
|  38|0x00000000c2600000, 0x00000000c2600000, 0x00000000c2700000|  0%| F|  |TAMS 0x00000000c2600000, 0x00000000c2600000| Untracked 
|  39|0x00000000c2700000, 0x00000000c2700000, 0x00000000c2800000|  0%| F|  |TAMS 0x00000000c2700000, 0x00000000c2700000| Untracked 
|  40|0x00000000c2800000, 0x00000000c2800000, 0x00000000c2900000|  0%| F|  |TAMS 0x00000000c2800000, 0x00000000c2800000| Untracked 
|  41|0x00000000c2900000, 0x00000000c2900000, 0x00000000c2a00000|  0%| F|  |TAMS 0x00000000c2900000, 0x00000000c2900000| Untracked 
|  42|0x00000000c2a00000, 0x00000000c2a00000, 0x00000000c2b00000|  0%| F|  |TAMS 0x00000000c2a00000, 0x00000000c2a00000| Untracked 
|  43|0x00000000c2b00000, 0x00000000c2b00000, 0x00000000c2c00000|  0%| F|  |TAMS 0x00000000c2b00000, 0x00000000c2b00000| Untracked 
|  44|0x00000000c2c00000, 0x00000000c2c00000, 0x00000000c2d00000|  0%| F|  |TAMS 0x00000000c2c00000, 0x00000000c2c00000| Untracked 
|  45|0x00000000c2d00000, 0x00000000c2d00000, 0x00000000c2e00000|  0%| F|  |TAMS 0x00000000c2d00000, 0x00000000c2d00000| Untracked 
|  46|0x00000000c2e00000, 0x00000000c2e00000, 0x00000000c2f00000|  0%| F|  |TAMS 0x00000000c2e00000, 0x00000000c2e00000| Untracked 
|  47|0x00000000c2f00000, 0x00000000c2f00000, 0x00000000c3000000|  0%| F|  |TAMS 0x00000000c2f00000, 0x00000000c2f00000| Untracked 
|  48|0x00000000c3000000, 0x00000000c3000000, 0x00000000c3100000|  0%| F|  |TAMS 0x00000000c3000000, 0x00000000c3000000| Untracked 
|  49|0x00000000c3100000, 0x00000000c3100000, 0x00000000c3200000|  0%| F|  |TAMS 0x00000000c3100000, 0x00000000c3100000| Untracked 
|  50|0x00000000c3200000, 0x00000000c3200000, 0x00000000c3300000|  0%| F|  |TAMS 0x00000000c3200000, 0x00000000c3200000| Untracked 
|  51|0x00000000c3300000, 0x00000000c3300000, 0x00000000c3400000|  0%| F|  |TAMS 0x00000000c3300000, 0x00000000c3300000| Untracked 
|  52|0x00000000c3400000, 0x00000000c3400000, 0x00000000c3500000|  0%| F|  |TAMS 0x00000000c3400000, 0x00000000c3400000| Untracked 
|  53|0x00000000c3500000, 0x00000000c3500000, 0x00000000c3600000|  0%| F|  |TAMS 0x00000000c3500000, 0x00000000c3500000| Untracked 
|  54|0x00000000c3600000, 0x00000000c3600000, 0x00000000c3700000|  0%| F|  |TAMS 0x00000000c3600000, 0x00000000c3600000| Untracked 
|  55|0x00000000c3700000, 0x00000000c3700000, 0x00000000c3800000|  0%| F|  |TAMS 0x00000000c3700000, 0x00000000c3700000| Untracked 
|  56|0x00000000c3800000, 0x00000000c3800000, 0x00000000c3900000|  0%| F|  |TAMS 0x00000000c3800000, 0x00000000c3800000| Untracked 
|  57|0x00000000c3900000, 0x00000000c3900000, 0x00000000c3a00000|  0%| F|  |TAMS 0x00000000c3900000, 0x00000000c3900000| Untracked 
|  58|0x00000000c3a00000, 0x00000000c3a00000, 0x00000000c3b00000|  0%| F|  |TAMS 0x00000000c3a00000, 0x00000000c3a00000| Untracked 
|  59|0x00000000c3b00000, 0x00000000c3b00000, 0x00000000c3c00000|  0%| F|  |TAMS 0x00000000c3b00000, 0x00000000c3b00000| Untracked 
|  60|0x00000000c3c00000, 0x00000000c3c00000, 0x00000000c3d00000|  0%| F|  |TAMS 0x00000000c3c00000, 0x00000000c3c00000| Untracked 
|  61|0x00000000c3d00000, 0x00000000c3d00000, 0x00000000c3e00000|  0%| F|  |TAMS 0x00000000c3d00000, 0x00000000c3d00000| Untracked 
|  62|0x00000000c3e00000, 0x00000000c3e00000, 0x00000000c3f00000|  0%| F|  |TAMS 0x00000000c3e00000, 0x00000000c3e00000| Untracked 
|  63|0x00000000c3f00000, 0x00000000c3f00000, 0x00000000c4000000|  0%| F|  |TAMS 0x00000000c3f00000, 0x00000000c3f00000| Untracked 
|  64|0x00000000c4000000, 0x00000000c4000000, 0x00000000c4100000|  0%| F|  |TAMS 0x00000000c4000000, 0x00000000c4000000| Untracked 
|  65|0x00000000c4100000, 0x00000000c4100000, 0x00000000c4200000|  0%| F|  |TAMS 0x00000000c4100000, 0x00000000c4100000| Untracked 
|  66|0x00000000c4200000, 0x00000000c4200000, 0x00000000c4300000|  0%| F|  |TAMS 0x00000000c4200000, 0x00000000c4200000| Untracked 
|  67|0x00000000c4300000, 0x00000000c4300000, 0x00000000c4400000|  0%| F|  |TAMS 0x00000000c4300000, 0x00000000c4300000| Untracked 
|  68|0x00000000c4400000, 0x00000000c4400000, 0x00000000c4500000|  0%| F|  |TAMS 0x00000000c4400000, 0x00000000c4400000| Untracked 
|  69|0x00000000c4500000, 0x00000000c4500000, 0x00000000c4600000|  0%| F|  |TAMS 0x00000000c4500000, 0x00000000c4500000| Untracked 
|  70|0x00000000c4600000, 0x00000000c4600000, 0x00000000c4700000|  0%| F|  |TAMS 0x00000000c4600000, 0x00000000c4600000| Untracked 
|  71|0x00000000c4700000, 0x00000000c4700000, 0x00000000c4800000|  0%| F|  |TAMS 0x00000000c4700000, 0x00000000c4700000| Untracked 
|  72|0x00000000c4800000, 0x00000000c4800000, 0x00000000c4900000|  0%| F|  |TAMS 0x00000000c4800000, 0x00000000c4800000| Untracked 
|  73|0x00000000c4900000, 0x00000000c4900000, 0x00000000c4a00000|  0%| F|  |TAMS 0x00000000c4900000, 0x00000000c4900000| Untracked 
|  74|0x00000000c4a00000, 0x00000000c4a00000, 0x00000000c4b00000|  0%| F|  |TAMS 0x00000000c4a00000, 0x00000000c4a00000| Untracked 
|  75|0x00000000c4b00000, 0x00000000c4b00000, 0x00000000c4c00000|  0%| F|  |TAMS 0x00000000c4b00000, 0x00000000c4b00000| Untracked 
|  76|0x00000000c4c00000, 0x00000000c4c00000, 0x00000000c4d00000|  0%| F|  |TAMS 0x00000000c4c00000, 0x00000000c4c00000| Untracked 
|  77|0x00000000c4d00000, 0x00000000c4d00000, 0x00000000c4e00000|  0%| F|  |TAMS 0x00000000c4d00000, 0x00000000c4d00000| Untracked 
|  78|0x00000000c4e00000, 0x00000000c4e00000, 0x00000000c4f00000|  0%| F|  |TAMS 0x00000000c4e00000, 0x00000000c4e00000| Untracked 
|  79|0x00000000c4f00000, 0x00000000c4f00000, 0x00000000c5000000|  0%| F|  |TAMS 0x00000000c4f00000, 0x00000000c4f00000| Untracked 
|  80|0x00000000c5000000, 0x00000000c5000000, 0x00000000c5100000|  0%| F|  |TAMS 0x00000000c5000000, 0x00000000c5000000| Untracked 
|  81|0x00000000c5100000, 0x00000000c5100000, 0x00000000c5200000|  0%| F|  |TAMS 0x00000000c5100000, 0x00000000c5100000| Untracked 
|  82|0x00000000c5200000, 0x00000000c5200000, 0x00000000c5300000|  0%| F|  |TAMS 0x00000000c5200000, 0x00000000c5200000| Untracked 
|  83|0x00000000c5300000, 0x00000000c5300000, 0x00000000c5400000|  0%| F|  |TAMS 0x00000000c5300000, 0x00000000c5300000| Untracked 
|  84|0x00000000c5400000, 0x00000000c5400000, 0x00000000c5500000|  0%| F|  |TAMS 0x00000000c5400000, 0x00000000c5400000| Untracked 
|  85|0x00000000c5500000, 0x00000000c5500000, 0x00000000c5600000|  0%| F|  |TAMS 0x00000000c5500000, 0x00000000c5500000| Untracked 
|  86|0x00000000c5600000, 0x00000000c5600000, 0x00000000c5700000|  0%| F|  |TAMS 0x00000000c5600000, 0x00000000c5600000| Untracked 
|  87|0x00000000c5700000, 0x00000000c5700000, 0x00000000c5800000|  0%| F|  |TAMS 0x00000000c5700000, 0x00000000c5700000| Untracked 
|  88|0x00000000c5800000, 0x00000000c5800000, 0x00000000c5900000|  0%| F|  |TAMS 0x00000000c5800000, 0x00000000c5800000| Untracked 
|  89|0x00000000c5900000, 0x00000000c5900000, 0x00000000c5a00000|  0%| F|  |TAMS 0x00000000c5900000, 0x00000000c5900000| Untracked 
|  90|0x00000000c5a00000, 0x00000000c5a00000, 0x00000000c5b00000|  0%| F|  |TAMS 0x00000000c5a00000, 0x00000000c5a00000| Untracked 
|  91|0x00000000c5b00000, 0x00000000c5b00000, 0x00000000c5c00000|  0%| F|  |TAMS 0x00000000c5b00000, 0x00000000c5b00000| Untracked 
|  92|0x00000000c5c00000, 0x00000000c5d00000, 0x00000000c5d00000|100%| S|CS|TAMS 0x00000000c5c00000, 0x00000000c5c00000| Complete 
|  93|0x00000000c5d00000, 0x00000000c5e00000, 0x00000000c5e00000|100%| S|CS|TAMS 0x00000000c5d00000, 0x00000000c5d00000| Complete 
|  94|0x00000000c5e00000, 0x00000000c5f00000, 0x00000000c5f00000|100%| S|CS|TAMS 0x00000000c5e00000, 0x00000000c5e00000| Complete 
|  95|0x00000000c5f00000, 0x00000000c5f00000, 0x00000000c6000000|  0%| F|  |TAMS 0x00000000c5f00000, 0x00000000c5f00000| Untracked 
|  96|0x00000000c6000000, 0x00000000c6000000, 0x00000000c6100000|  0%| F|  |TAMS 0x00000000c6000000, 0x00000000c6000000| Untracked 
|  97|0x00000000c6100000, 0x00000000c6100000, 0x00000000c6200000|  0%| F|  |TAMS 0x00000000c6100000, 0x00000000c6100000| Untracked 
|  98|0x00000000c6200000, 0x00000000c6200000, 0x00000000c6300000|  0%| F|  |TAMS 0x00000000c6200000, 0x00000000c6200000| Untracked 
|  99|0x00000000c6300000, 0x00000000c6300000, 0x00000000c6400000|  0%| F|  |TAMS 0x00000000c6300000, 0x00000000c6300000| Untracked 
| 100|0x00000000c6400000, 0x00000000c6400000, 0x00000000c6500000|  0%| F|  |TAMS 0x00000000c6400000, 0x00000000c6400000| Untracked 
| 101|0x00000000c6500000, 0x00000000c6500000, 0x00000000c6600000|  0%| F|  |TAMS 0x00000000c6500000, 0x00000000c6500000| Untracked 
| 102|0x00000000c6600000, 0x00000000c6600000, 0x00000000c6700000|  0%| F|  |TAMS 0x00000000c6600000, 0x00000000c6600000| Untracked 
| 103|0x00000000c6700000, 0x00000000c6700000, 0x00000000c6800000|  0%| F|  |TAMS 0x00000000c6700000, 0x00000000c6700000| Untracked 
| 104|0x00000000c6800000, 0x00000000c6800000, 0x00000000c6900000|  0%| F|  |TAMS 0x00000000c6800000, 0x00000000c6800000| Untracked 
| 105|0x00000000c6900000, 0x00000000c6900000, 0x00000000c6a00000|  0%| F|  |TAMS 0x00000000c6900000, 0x00000000c6900000| Untracked 
| 106|0x00000000c6a00000, 0x00000000c6a00000, 0x00000000c6b00000|  0%| F|  |TAMS 0x00000000c6a00000, 0x00000000c6a00000| Untracked 
| 107|0x00000000c6b00000, 0x00000000c6b00000, 0x00000000c6c00000|  0%| F|  |TAMS 0x00000000c6b00000, 0x00000000c6b00000| Untracked 
| 108|0x00000000c6c00000, 0x00000000c6c00000, 0x00000000c6d00000|  0%| F|  |TAMS 0x00000000c6c00000, 0x00000000c6c00000| Untracked 
| 109|0x00000000c6d00000, 0x00000000c6de5c00, 0x00000000c6e00000| 89%| E|  |TAMS 0x00000000c6d00000, 0x00000000c6d00000| Complete 
| 110|0x00000000c6e00000, 0x00000000c6f00000, 0x00000000c6f00000|100%| E|CS|TAMS 0x00000000c6e00000, 0x00000000c6e00000| Complete 
| 111|0x00000000c6f00000, 0x00000000c7000000, 0x00000000c7000000|100%| E|CS|TAMS 0x00000000c6f00000, 0x00000000c6f00000| Complete 
| 112|0x00000000c7000000, 0x00000000c7100000, 0x00000000c7100000|100%| E|CS|TAMS 0x00000000c7000000, 0x00000000c7000000| Complete 
| 113|0x00000000c7100000, 0x00000000c7200000, 0x00000000c7200000|100%| E|CS|TAMS 0x00000000c7100000, 0x00000000c7100000| Complete 
| 114|0x00000000c7200000, 0x00000000c7300000, 0x00000000c7300000|100%| E|CS|TAMS 0x00000000c7200000, 0x00000000c7200000| Complete 
| 115|0x00000000c7300000, 0x00000000c7400000, 0x00000000c7400000|100%| E|CS|TAMS 0x00000000c7300000, 0x00000000c7300000| Complete 
| 116|0x00000000c7400000, 0x00000000c7500000, 0x00000000c7500000|100%| E|CS|TAMS 0x00000000c7400000, 0x00000000c7400000| Complete 
| 117|0x00000000c7500000, 0x00000000c7600000, 0x00000000c7600000|100%| E|CS|TAMS 0x00000000c7500000, 0x00000000c7500000| Complete 

Card table byte_map: [0x000002408a7d0000,0x000002408a9d0000] _byte_map_base: 0x000002408a1d0000

Marking Bits (Prev, Next): (CMBitMap*) 0x00000240823a04c0, (CMBitMap*) 0x00000240823a0500
 Prev Bits: [0x000002408abd0000, 0x000002408bbd0000)
 Next Bits: [0x000002408bbd0000, 0x000002408cbd0000)

Polling page: 0x0000024082410000

Metaspace:

Usage:
  Non-class:     10.00 MB used.
      Class:      1.39 MB used.
       Both:     11.38 MB used.

Virtual space:
  Non-class space:       64.00 MB reserved,      10.06 MB ( 16%) committed,  1 nodes.
      Class space:        1.00 GB reserved,       1.50 MB ( <1%) committed,  1 nodes.
             Both:        1.06 GB reserved,      11.56 MB (  1%) committed. 

Chunk freelists:
   Non-Class:  5.53 MB
       Class:  14.47 MB
        Both:  20.00 MB

MaxMetaspaceSize: unlimited
CompressedClassSpaceSize: 1.00 GB
Initial GC threshold: 21.00 MB
Current GC threshold: 21.00 MB
CDS: off
MetaspaceReclaimPolicy: balanced
 - commit_granule_bytes: 65536.
 - commit_granule_words: 8192.
 - virtual_space_node_default_size: 8388608.
 - enlarge_chunks_in_place: 1.
 - new_chunks_are_fully_committed: 0.
 - uncommit_free_chunks: 1.
 - use_allocation_guard: 0.
 - handle_deallocations: 1.


Internal statistics:

num_allocs_failed_limit: 0.
num_arena_births: 84.
num_arena_deaths: 0.
num_vsnodes_births: 2.
num_vsnodes_deaths: 0.
num_space_committed: 185.
num_space_uncommitted: 0.
num_chunks_returned_to_freelist: 0.
num_chunks_taken_from_freelist: 266.
num_chunk_merges: 0.
num_chunk_splits: 172.
num_chunks_enlarged: 135.
num_inconsistent_stats: 0.

CodeCache: size=49152Kb used=3203Kb max_used=3203Kb free=45948Kb
 bounds [0x00000240867a0000, 0x0000024086ad0000, 0x00000240897a0000]
 total_blobs=1425 nmethods=1014 adapters=338
 compilation: enabled
              stopped_count=0, restarted_count=0
 full_count=0

Compilation events (20 events):
Event: 5.985 Thread 0x00000240940197f0 1005       1       java.lang.reflect.Executable::<init> (5 bytes)
Event: 5.985 Thread 0x0000024094218b00 1006       1       java.lang.reflect.AccessibleObject::<init> (5 bytes)
Event: 5.985 Thread 0x00000240940197f0 nmethod 1005 0x0000024086abee90 code [0x0000024086abf020, 0x0000024086abf0d8]
Event: 5.985 Thread 0x0000024094218b00 nmethod 1006 0x0000024086abf190 code [0x0000024086abf320, 0x0000024086abf3d8]
Event: 5.997 Thread 0x0000024094218b00 1007       1       java.lang.invoke.DirectMethodHandle::maybeCompile (24 bytes)
Event: 5.997 Thread 0x0000024094218b00 nmethod 1007 0x0000024086abf490 code [0x0000024086abf640, 0x0000024086abf758]
Event: 6.000 Thread 0x00000240940197f0 1008       1       java.util.concurrent.atomic.AtomicInteger::get (5 bytes)
Event: 6.000 Thread 0x00000240940197f0 nmethod 1008 0x0000024086abf890 code [0x0000024086abfa20, 0x0000024086abfaf8]
Event: 6.004 Thread 0x0000024094218b00 1011       1       jdk.internal.reflect.ConstructorAccessorImpl::<init> (5 bytes)
Event: 6.004 Thread 0x00000240940197f0 1014       1       java.lang.reflect.Constructor::setConstructorAccessor (21 bytes)
Event: 6.004 Thread 0x0000024094218b00 nmethod 1011 0x0000024086abfb90 code [0x0000024086abfd20, 0x0000024086abfdd8]
Event: 6.004 Thread 0x0000024094218b00 1009       1       java.lang.reflect.Constructor::getConstructorAccessor (5 bytes)
Event: 6.004 Thread 0x0000024094218b00 nmethod 1009 0x0000024086abfe90 code [0x0000024086ac0020, 0x0000024086ac00f8]
Event: 6.004 Thread 0x00000240940197f0 nmethod 1014 0x0000024086ac0190 code [0x0000024086ac0340, 0x0000024086ac0508]
Event: 6.004 Thread 0x0000024094218b00 1010       1       java.lang.reflect.Constructor::getRoot (5 bytes)
Event: 6.004 Thread 0x00000240940197f0 1012       1       jdk.internal.reflect.DelegatingConstructorAccessorImpl::setDelegate (6 bytes)
Event: 6.004 Thread 0x0000024094218b00 nmethod 1010 0x0000024086ac0610 code [0x0000024086ac07a0, 0x0000024086ac0878]
Event: 6.004 Thread 0x0000024094218b00 1013       1       jdk.internal.reflect.NativeConstructorAccessorImpl::setParent (6 bytes)
Event: 6.005 Thread 0x00000240940197f0 nmethod 1012 0x0000024086ac0910 code [0x0000024086ac0aa0, 0x0000024086ac0bb8]
Event: 6.005 Thread 0x0000024094218b00 nmethod 1013 0x0000024086ac0c10 code [0x0000024086ac0da0, 0x0000024086ac0eb8]

GC Heap History (2 events):
Event: 5.785 GC heap before
{Heap before GC invocations=0 (full 0):
 garbage-first heap   total 120832K, used 22528K [0x00000000c0000000, 0x0000000100000000)
  region size 1024K, 23 young (23552K), 0 survivors (0K)
 Metaspace       used 8898K, committed 9024K, reserved 1114112K
  class space    used 1037K, committed 1088K, reserved 1048576K
}
Event: 5.794 GC heap after
{Heap after GC invocations=1 (full 0):
 garbage-first heap   total 120832K, used 9179K [0x00000000c0000000, 0x0000000100000000)
  region size 1024K, 3 young (3072K), 3 survivors (3072K)
 Metaspace       used 8898K, committed 9024K, reserved 1114112K
  class space    used 1037K, committed 1088K, reserved 1048576K
}

Dll operation events (5 events):
Event: 0.008 Loaded shared library c:\Users\BILAL\.vscode\extensions\redhat.java-1.23.0-win32-x64\jre\17.0.8.1-win32-x86_64\bin\java.dll
Event: 0.318 Loaded shared library C:\Users\BILAL\.vscode\extensions\redhat.java-1.23.0-win32-x64\jre\17.0.8.1-win32-x86_64\bin\net.dll
Event: 0.371 Loaded shared library C:\Users\BILAL\.vscode\extensions\redhat.java-1.23.0-win32-x64\jre\17.0.8.1-win32-x86_64\bin\nio.dll
Event: 0.646 Loaded shared library C:\Users\BILAL\.vscode\extensions\redhat.java-1.23.0-win32-x64\jre\17.0.8.1-win32-x86_64\bin\zip.dll
Event: 5.011 Loaded shared library C:\Users\BILAL\.vscode\extensions\redhat.java-1.23.0-win32-x64\jre\17.0.8.1-win32-x86_64\bin\jimage.dll

Deoptimization events (0 events):
No events

Classes unloaded (0 events):
No events

Classes redefined (0 events):
No events

Internal exceptions (9 events):
Event: 5.577 Thread 0x00000240823631c0 Exception <a 'java/lang/ClassNotFoundException'{0x00000000c661f588}: javax/smartcardio/CardPermission> (0x00000000c661f588) 
thrown [s\src\hotspot\share\classfile\systemDictionary.cpp, line 256]
Event: 5.588 Thread 0x00000240823631c0 Exception <a 'java/io/FileNotFoundException'{0x00000000c662dad8}> (0x00000000c662dad8) 
thrown [s\src\hotspot\share\prims\jni.cpp, line 516]
Event: 5.618 Thread 0x00000240823631c0 Exception <a 'java/lang/NoSuchMethodError'{0x00000000c6511e88}: 'void java.lang.invoke.DirectMethodHandle$Holder.invokeStatic(java.lang.Object, java.lang.Object, java.lang.Object)'> (0x00000000c6511e88) 
thrown [s\src\hotspot\share\interpreter\linkResolver.cpp, line 759]
Event: 5.733 Thread 0x00000240823631c0 Exception <a 'java/lang/NoSuchMethodError'{0x00000000c6017f68}: 'void java.lang.invoke.DirectMethodHandle$Holder.invokeSpecialIFC(java.lang.Object, java.lang.Object, java.lang.Object, java.lang.Object, java.lang.Object)'> (0x00000000c6017f68) 
thrown [s\src\hotspot\share\interpreter\linkResolver.cpp, line 759]
Event: 5.734 Thread 0x00000240823631c0 Exception <a 'java/lang/NoSuchMethodError'{0x00000000c6020340}: 'void java.lang.invoke.DirectMethodHandle$Holder.invokeStatic(java.lang.Object, java.lang.Object, java.lang.Object, java.lang.Object)'> (0x00000000c6020340) 
thrown [s\src\hotspot\share\interpreter\linkResolver.cpp, line 759]
Event: 5.735 Thread 0x00000240823631c0 Exception <a 'java/lang/NoSuchMethodError'{0x00000000c602ae08}: 'int java.lang.invoke.DirectMethodHandle$Holder.invokeSpecial(java.lang.Object, java.lang.Object, java.lang.Object)'> (0x00000000c602ae08) 
thrown [s\src\hotspot\share\interpreter\linkResolver.cpp, line 759]
Event: 5.756 Thread 0x00000240823631c0 Exception <a 'java/lang/NoSuchMethodError'{0x00000000c5f0d158}: 'java.lang.Object java.lang.invoke.DirectMethodHandle$Holder.invokeStaticInit(java.lang.Object, java.lang.Object, java.lang.Object)'> (0x00000000c5f0d158) 
thrown [s\src\hotspot\share\interpreter\linkResolver.cpp, line 759]
Event: 5.956 Thread 0x00000240823631c0 Exception <a 'java/lang/NoSuchMethodError'{0x00000000c6f961d8}: 'int java.lang.invoke.DirectMethodHandle$Holder.invokeStaticInit(java.lang.Object, java.lang.Object)'> (0x00000000c6f961d8) 
thrown [s\src\hotspot\share\interpreter\linkResolver.cpp, line 759]
Event: 5.966 Thread 0x00000240823631c0 Exception <a 'java/lang/NoSuchMethodError'{0x00000000c6ff08c8}: 'void java.lang.invoke.DirectMethodHandle$Holder.invokeInterface(java.lang.Object, java.lang.Object, java.lang.Object, java.lang.Object)'> (0x00000000c6ff08c8) 
thrown [s\src\hotspot\share\interpreter\linkResolver.cpp, line 759]

VM Operations (20 events):
Event: 1.655 Executing VM operation: Cleanup
Event: 1.655 Executing VM operation: Cleanup done
Event: 2.660 Executing VM operation: Cleanup
Event: 2.660 Executing VM operation: Cleanup done
Event: 3.662 Executing VM operation: Cleanup
Event: 3.662 Executing VM operation: Cleanup done
Event: 4.662 Executing VM operation: Cleanup
Event: 4.662 Executing VM operation: Cleanup done
Event: 5.001 Executing VM operation: HandshakeAllThreads
Event: 5.001 Executing VM operation: HandshakeAllThreads done
Event: 5.505 Executing VM operation: HandshakeAllThreads
Event: 5.505 Executing VM operation: HandshakeAllThreads done
Event: 5.785 Executing VM operation: G1CollectForAllocation
Event: 5.794 Executing VM operation: G1CollectForAllocation done
Event: 5.843 Executing VM operation: HandshakeAllThreads
Event: 5.843 Executing VM operation: HandshakeAllThreads done
Event: 5.864 Executing VM operation: HandshakeAllThreads
Event: 5.864 Executing VM operation: HandshakeAllThreads done
Event: 5.918 Executing VM operation: HandshakeAllThreads
Event: 5.918 Executing VM operation: HandshakeAllThreads done

Events (20 events):
Event: 6.007 loading class java/util/concurrent/CountDownLatch$Sync done
Event: 6.007 loading class java/lang/StackWalker$Option
Event: 6.007 loading class java/lang/StackWalker$Option done
Event: 6.007 loading class java/lang/StackStreamFactory
Event: 6.008 loading class java/lang/StackStreamFactory done
Event: 6.008 loading class java/lang/StackWalker$ExtendedOption
Event: 6.008 loading class java/lang/StackWalker$ExtendedOption done
Event: 6.008 loading class java/lang/StackStreamFactory$StackFrameTraverser
Event: 6.008 loading class java/lang/StackStreamFactory$StackFrameTraverser done
Event: 6.008 loading class java/lang/StackStreamFactory$WalkerState
Event: 6.008 loading class java/lang/StackStreamFactory$WalkerState done
Event: 6.008 loading class java/lang/StackStreamFactory$1
Event: 6.008 loading class java/lang/StackStreamFactory$1 done
Event: 6.008 loading class java/lang/StackStreamFactory$StackFrameTraverser$StackFrameBuffer
Event: 6.008 loading class java/lang/StackStreamFactory$FrameBuffer
Event: 6.008 loading class java/lang/StackStreamFactory$FrameBuffer done
Event: 6.008 loading class java/lang/StackStreamFactory$StackFrameTraverser$StackFrameBuffer done
Event: 6.009 loading class java/util/stream/FindOps
Event: 6.009 loading class java/util/stream/FindOps done
Event: 6.009 loading class java/util/stream/FindOps$FindSink$OfRef


Dynamic libraries:
0x00007ff6443e0000 - 0x00007ff6443ee000 	c:\Users\BILAL\.vscode\extensions\redhat.java-1.23.0-win32-x64\jre\17.0.8.1-win32-x86_64\bin\java.exe
0x00007ffcb27b0000 - 0x00007ffcb29c7000 	C:\WINDOWS\SYSTEM32\ntdll.dll
0x00007ffcb1800000 - 0x00007ffcb18c4000 	C:\WINDOWS\System32\KERNEL32.DLL
0x00007ffcb0160000 - 0x00007ffcb0506000 	C:\WINDOWS\System32\KERNELBASE.dll
0x00007ffcb0040000 - 0x00007ffcb0151000 	C:\WINDOWS\System32\ucrtbase.dll
0x00007ffca8db0000 - 0x00007ffca8dc9000 	c:\Users\BILAL\.vscode\extensions\redhat.java-1.23.0-win32-x64\jre\17.0.8.1-win32-x86_64\bin\VCRUNTIME140.dll
0x00007ffca9470000 - 0x00007ffca9487000 	c:\Users\BILAL\.vscode\extensions\redhat.java-1.23.0-win32-x64\jre\17.0.8.1-win32-x86_64\bin\jli.dll
0x00007ffcb25c0000 - 0x00007ffcb276d000 	C:\WINDOWS\System32\USER32.dll
0x00007ffcafdb0000 - 0x00007ffcafdd6000 	C:\WINDOWS\System32\win32u.dll
0x00007ffcaed60000 - 0x00007ffcaeff3000 	C:\WINDOWS\WinSxS\amd64_microsoft.windows.common-controls_6595b64144ccf1df_6.0.22621.2361_none_2712ced57382f843\COMCTL32.dll
0x00007ffcb11f0000 - 0x00007ffcb1219000 	C:\WINDOWS\System32\GDI32.dll
0x00007ffcafde0000 - 0x00007ffcafef8000 	C:\WINDOWS\System32\gdi32full.dll
0x00007ffcb2510000 - 0x00007ffcb25b7000 	C:\WINDOWS\System32\msvcrt.dll
0x00007ffcafca0000 - 0x00007ffcafd3a000 	C:\WINDOWS\System32\msvcp_win.dll
0x00007ffcb1b10000 - 0x00007ffcb1b41000 	C:\WINDOWS\System32\IMM32.DLL
0x00007ffc9e400000 - 0x00007ffc9e40c000 	c:\Users\BILAL\.vscode\extensions\redhat.java-1.23.0-win32-x64\jre\17.0.8.1-win32-x86_64\bin\vcruntime140_1.dll
0x00007ffc668e0000 - 0x00007ffc66971000 	c:\Users\BILAL\.vscode\extensions\redhat.java-1.23.0-win32-x64\jre\17.0.8.1-win32-x86_64\bin\msvcp140.dll
0x00007ffc65c90000 - 0x00007ffc668dc000 	c:\Users\BILAL\.vscode\extensions\redhat.java-1.23.0-win32-x64\jre\17.0.8.1-win32-x86_64\bin\server\jvm.dll
0x00007ffcb16a0000 - 0x00007ffcb1750000 	C:\WINDOWS\System32\ADVAPI32.dll
0x00007ffcb1750000 - 0x00007ffcb17f6000 	C:\WINDOWS\System32\sechost.dll
0x00007ffcb22f0000 - 0x00007ffcb2407000 	C:\WINDOWS\System32\RPCRT4.dll
0x00007ffcaf460000 - 0x00007ffcaf4ad000 	C:\WINDOWS\SYSTEM32\POWRPROF.dll
0x00007ffc8bca0000 - 0x00007ffc8bca9000 	C:\WINDOWS\SYSTEM32\WSOCK32.dll
0x00007ffca7bd0000 - 0x00007ffca7c04000 	C:\WINDOWS\SYSTEM32\WINMM.dll
0x00007ffca5de0000 - 0x00007ffca5dea000 	C:\WINDOWS\SYSTEM32\VERSION.dll
0x00007ffcb1940000 - 0x00007ffcb19b1000 	C:\WINDOWS\System32\WS2_32.dll
0x00007ffcaf130000 - 0x00007ffcaf143000 	C:\WINDOWS\SYSTEM32\UMPDC.dll
0x00007ffcae520000 - 0x00007ffcae538000 	C:\WINDOWS\SYSTEM32\kernel.appcore.dll
0x00007ffc95d70000 - 0x00007ffc95d7a000 	c:\Users\BILAL\.vscode\extensions\redhat.java-1.23.0-win32-x64\jre\17.0.8.1-win32-x86_64\bin\jimage.dll
0x00007ffcaf4b0000 - 0x00007ffcaf6de000 	C:\WINDOWS\SYSTEM32\DBGHELP.DLL
0x00007ffcb1bb0000 - 0x00007ffcb1f3a000 	C:\WINDOWS\System32\combase.dll
0x00007ffcb2210000 - 0x00007ffcb22e7000 	C:\WINDOWS\System32\OLEAUT32.dll
0x00007ffcaf320000 - 0x00007ffcaf352000 	C:\WINDOWS\SYSTEM32\dbgcore.DLL
0x00007ffcaff00000 - 0x00007ffcaff7a000 	C:\WINDOWS\System32\bcryptPrimitives.dll
0x00007ffc65c60000 - 0x00007ffc65c85000 	c:\Users\BILAL\.vscode\extensions\redhat.java-1.23.0-win32-x64\jre\17.0.8.1-win32-x86_64\bin\java.dll
0x00007ffc8f9e0000 - 0x00007ffc8f9f8000 	c:\Users\BILAL\.vscode\extensions\redhat.java-1.23.0-win32-x64\jre\17.0.8.1-win32-x86_64\bin\zip.dll
0x00007ffcb0710000 - 0x00007ffcb0f68000 	C:\WINDOWS\System32\SHELL32.dll
0x00007ffcad0a0000 - 0x00007ffcad992000 	C:\WINDOWS\SYSTEM32\windows.storage.dll
0x00007ffcacf40000 - 0x00007ffcad07e000 	C:\WINDOWS\SYSTEM32\wintypes.dll
0x00007ffcb0520000 - 0x00007ffcb0613000 	C:\WINDOWS\System32\SHCORE.dll
0x00007ffcb1b50000 - 0x00007ffcb1bae000 	C:\WINDOWS\System32\shlwapi.dll
0x00007ffcafa60000 - 0x00007ffcafa86000 	C:\WINDOWS\SYSTEM32\profapi.dll
0x00007ffc89f90000 - 0x00007ffc89fa9000 	C:\Users\BILAL\.vscode\extensions\redhat.java-1.23.0-win32-x64\jre\17.0.8.1-win32-x86_64\bin\net.dll
0x00007ffca7740000 - 0x00007ffca7877000 	C:\WINDOWS\SYSTEM32\WINHTTP.dll
0x00007ffcae960000 - 0x00007ffcae9c9000 	C:\WINDOWS\system32\mswsock.dll
0x00007ffc85510000 - 0x00007ffc85525000 	C:\Users\BILAL\.vscode\extensions\redhat.java-1.23.0-win32-x64\jre\17.0.8.1-win32-x86_64\bin\nio.dll

dbghelp: loaded successfully - version: 4.0.5 - missing functions: none
symbol engine: initialized successfully - sym options: 0x614 - pdb path: .;c:\Users\BILAL\.vscode\extensions\redhat.java-1.23.0-win32-x64\jre\17.0.8.1-win32-x86_64\bin;C:\WINDOWS\SYSTEM32;C:\WINDOWS\WinSxS\amd64_microsoft.windows.common-controls_6595b64144ccf1df_6.0.22621.2361_none_2712ced57382f843;c:\Users\BILAL\.vscode\extensions\redhat.java-1.23.0-win32-x64\jre\17.0.8.1-win32-x86_64\bin\server

VM Arguments:
jvm_args: -XX:+HeapDumpOnOutOfMemoryError -Xmx1024m -Dsts.lsp.client=vscode -Dsts.log.file=/dev/null -XX:TieredStopAtLevel=1 -Xlog:jni+resolve=off -Dspring.config.location=file:c:\Users\BILAL\.vscode\extensions\vmware.vscode-spring-boot-1.49.0\language-server\BOOT-INF\classes\application.properties 
java_command: org.springframework.ide.vscode.boot.app.BootLanguageServerBootApp
java_class_path (initial): c:\Users\BILAL\.vscode\extensions\vmware.vscode-spring-boot-1.49.0\language-server\BOOT-INF\classes;c:\Users\BILAL\.vscode\extensions\vmware.vscode-spring-boot-1.49.0\language-server\BOOT-INF\lib\annotations-24.0.1.jar;c:\Users\BILAL\.vscode\extensions\vmware.vscode-spring-boot-1.49.0\language-server\BOOT-INF\lib\antlr-runtime-3.5.3.jar;c:\Users\BILAL\.vscode\extensions\vmware.vscode-spring-boot-1.49.0\language-server\BOOT-INF\lib\antlr4-4.11.1.jar;c:\Users\BILAL\.vscode\extensions\vmware.vscode-spring-boot-1.49.0\language-server\BOOT-INF\lib\antlr4-runtime-4.11.1.jar;c:\Users\BILAL\.vscode\extensions\vmware.vscode-spring-boot-1.49.0\language-server\BOOT-INF\lib\archunit-1.1.0.jar;c:\Users\BILAL\.vscode\extensions\vmware.vscode-spring-boot-1.49.0\language-server\BOOT-INF\lib\asm-9.5.jar;c:\Users\BILAL\.vscode\extensions\vmware.vscode-spring-boot-1.49.0\language-server\BOOT-INF\lib\asm-analysis-9.5.jar;c:\Users\BILAL\.vscode\extensions\vmware.vscode-spring-boot-1.49.0\language-server\BOOT-INF\lib\asm-tree-9.5.jar;c:\Users\BILAL\.vscode\extensions\vmware.vscode-spring-boot-1.49.0\language-server\BOOT-INF\lib\asm-util-9.5.jar;c:\Users\BILAL\.vscode\extensions\vmware.vscode-spring-boot-1.49.0\language-server\BOOT-INF\lib\bosh-language-server-1.49.0-SNAPSHOT.jar;c:\Users\BILAL\.vscode\extensions\vmware.vscode-spring-boot-1.49.0\language-server\BOOT-INF\lib\caffeine-3.1.6.jar;c:\Users\BILAL\.vscode\extensions\vmware.vscode-spring-boot-1.49.0\language-server\BOOT-INF\lib\checker-qual-3.12.0.jar;c:\Users\BILAL\.vscode\extensions\vmware.vscode-spring-boot-1.49.0\language-server\BOOT-INF\lib\classgraph-4.8.149.jar;c:\Users\BILAL\.vscode\extensions\vmware.vscode-spring-boot-1.49.0\language-server\BOOT-INF\lib\commons-codec-1.15.jar;c:\Users\BILAL\.vscode\extensions\vmware.vscode-spring-boot-1.49.0\language-server\BOOT-INF\lib\commons-compress-1.23.0.jar;c:\Users\BILAL\.vscode\extensions\vmware.vscode-spring-boot-1.49.0\language-server\BOOT-INF\lib\
Launcher Type: SUN_STANDARD

[Global flags]
     intx CICompilerCount                          = 12                                        {product} {ergonomic}
     uint ConcGCThreads                            = 3                                         {product} {ergonomic}
     uint G1ConcRefinementThreads                  = 13                                        {product} {ergonomic}
   size_t G1HeapRegionSize                         = 1048576                                   {product} {ergonomic}
    uintx GCDrainStackTargetSize                   = 64                                        {product} {ergonomic}
     bool HeapDumpOnOutOfMemoryError               = true                                   {manageable} {command line}
   size_t InitialHeapSize                          = 123731968                                 {product} {ergonomic}
   size_t MarkStackSize                            = 4194304                                   {product} {ergonomic}
   size_t MaxHeapSize                              = 1073741824                                {product} {command line}
   size_t MaxNewSize                               = 643825664                                 {product} {ergonomic}
   size_t MinHeapDeltaBytes                        = 1048576                                   {product} {ergonomic}
   size_t MinHeapSize                              = 8388608                                   {product} {ergonomic}
    uintx NonProfiledCodeHeapSize                  = 0                                      {pd product} {ergonomic}
     bool ProfileInterpreter                       = false                                  {pd product} {command line}
    uintx ProfiledCodeHeapSize                     = 0                                      {pd product} {ergonomic}
   size_t SoftMaxHeapSize                          = 1073741824                             {manageable} {ergonomic}
     intx TieredStopAtLevel                        = 1                                         {product} {command line}
     bool UseCompressedClassPointers               = true                           {product lp64_product} {ergonomic}
     bool UseCompressedOops                        = true                           {product lp64_product} {ergonomic}
     bool UseG1GC                                  = true                                      {product} {ergonomic}
     bool UseLargePagesIndividualAllocation        = false                                  {pd product} {ergonomic}

Logging:
Log output configuration:
 #0: stdout all=warning,jni+resolve=off uptime,level,tags
 #1: stderr all=off uptime,level,tags

Environment Variables:
JAVA_HOME=C:\Program Files\Java\jdk-20.0.2
PATH=C:\Program Files\Java\jdk-20.0.2\bin;C:\Program Files\Common Files\Oracle\Java\javapath;C:\windows\system32;C:\windows;C:\windows\System32\Wbem;C:\windows\System32\WindowsPowerShell\v1.0\;C:\windows\System32\OpenSSH\;C:\Program Files (x86)\NVIDIA Corporation\PhysX\Common;C:\Program Files\NVIDIA Corporation\NVIDIA NvDLISR;C:\WINDOWS\system32;C:\WINDOWS;C:\WINDOWS\System32\Wbem;C:\WINDOWS\System32\WindowsPowerShell\v1.0\;C:\WINDOWS\System32\OpenSSH\;C:\Program Files\apache-maven-3.8.4\bin;C:\Program Files\nodejs\;C:\Program Files\Git\cmd;C:\Program Files\Git\bin\;C:\Program Files\MongoDB\Server\6.0\bin;C:\Program Files\ffmpeg\ffmpeg-6.0-essentials_build\bin;C:\Program Files\Java\jdk-20.0.2\bin;C:\Program Files\Java\jdk-20.0.2;C:\Users\BILAL\AppData\Local\Programs\Python\Python310\Scripts\;C:\Users\BILAL\AppData\Local\Programs\Python\Python310\;C:\Program Files\MySQL\MySQL Shell 8.0\bin\;C:\Users\BILAL\AppData\Local\Microsoft\WindowsApps;C:\Program Files\JetBrains\IntelliJ IDEA Community Edition 2021.3\bin;;C:\Users\BILAL\AppData\Local\Programs\Microsoft VS Code\bin;C:\Users\BILAL\AppData\Roaming\npm;C:\Users\BILAL\SampleProjects\JavaeeGettingStartedFinal\demos\demos\bookstore-front\node_modules\@angular\cli\bin;C:\Program Files\MongoDB\Server\6.0\bin;C:\Program Files\JetBrains\PyCharm Community Edition 2023.1\bin;;C:\Program Files\ffmpeg\ffmpeg-6.0-essentials_build\bin;C:\Program Files\Java\jdk-20.0.2\bin;C:\Users\BILAL\AppData\Local\Programs\MiKTeX\miktex\bin\x64\
USERNAME=BILAL
OS=Windows_NT
PROCESSOR_IDENTIFIER=AMD64 Family 23 Model 96 Stepping 1, AuthenticAMD
TMP=C:\Users\BILAL\AppData\Local\Temp
TEMP=C:\Users\BILAL\AppData\Local\Temp



---------------  S Y S T E M  ---------------

OS:
 Windows 11 , 64 bit Build 22621 (10.0.22621.2428)
OS uptime: 1 days 5:41 hours

CPU: total 16 (initial active 16) (16 cores per cpu, 2 threads per core) family 23 model 96 stepping 1 microcode 0x0, cx8, cmov, fxsr, ht, mmx, 3dnowpref, sse, sse2, sse3, ssse3, sse4a, sse4.1, sse4.2, popcnt, lzcnt, tsc, tscinvbit, avx, avx2, aes, clmul, bmi1, bmi2, adx, sha, fma, vzeroupper, clflush, clflushopt
Processor Information for all 16 processors :
  Max Mhz: 2900, Current Mhz: 2900, Mhz Limit: 2900

Memory: 4k page, system-wide physical 7540M (236M free)
TotalPageFile size 31092M (AvailPageFile size 1M)
current process WorkingSet (physical memory assigned to process): 77M, peak: 77M
current process commit charge ("private bytes"): 217M, peak: 217M

vm_info: OpenJDK 64-Bit Server VM (17.0.8.1+1) for windows-amd64 JRE (17.0.8.1+1), built on Aug 23 2023 15:29:17 by "admin" with MS VC++ 16.7 (VS2019)

END.
