#
# There is insufficient memory for the Java Runtime Environment to continue.
# Native memory allocation (malloc) failed to allocate 2097152 bytes for AllocateHeap
# Possible reasons:
#   The system is out of physical RAM or swap space
#   The process is running with CompressedOops enabled, and the Java Heap may be blocking the growth of the native heap
# Possible solutions:
#   Reduce memory load on the system
#   Increase physical memory or swap space
#   Check if swap backing store is full
#   Decrease Java heap size (-Xmx/-Xms)
#   Decrease number of Java threads
#   Decrease Java thread stack sizes (-Xss)
#   Set larger code cache with -XX:ReservedCodeCacheSize=
#   JVM is running with Unscaled Compressed Oops mode in which the Java heap is
#     placed in the first 4GB address space. The Java Heap base address is the
#     maximum limit for the native heap growth. Please use -XX:HeapBaseMinAddress
#     to set the Java Heap base and to place the Java Heap above 4GB virtual address.
# This output file may be truncated or incomplete.
#
#  Out of Memory Error (allocation.cpp:44), pid=23644, tid=16248
#
# JRE version: OpenJDK Runtime Environment Temurin-17.0.8.1+1 (17.0.8.1+1) (build 17.0.8.1+1)
# Java VM: OpenJDK 64-Bit Server VM Temurin-17.0.8.1+1 (17.0.8.1+1, mixed mode, emulated-client, tiered, compressed oops, compressed class ptrs, g1 gc, windows-amd64)
# No core dump will be written. Minidumps are not enabled by default on client versions of Windows
#

---------------  S U M M A R Y ------------

Command Line: -XX:+HeapDumpOnOutOfMemoryError -Xmx1024m -Dsts.lsp.client=vscode -Dsts.log.file=/dev/null -XX:TieredStopAtLevel=1 -Xlog:jni+resolve=off -Dspring.config.location=file:c:\Users\BILAL\.vscode\extensions\vmware.vscode-spring-boot-1.49.0\language-server\BOOT-INF\classes\application.properties org.springframework.ide.vscode.boot.app.BootLanguageServerBootApp

Host: AMD Ryzen 7 4800H with Radeon Graphics         , 16 cores, 7G,  Windows 11 , 64 bit Build 22621 (10.0.22621.2428)
Time: Thu Oct 19 14:20:33 2023 India Standard Time elapsed time: 106141.824904 seconds (1d 5h 29m 1s)

---------------  T H R E A D  ---------------

Current thread (0x000001d84f1b6300):  VMThread "VM Thread" [stack: 0x0000008495800000,0x0000008495900000] [id=16248]

Stack: [0x0000008495800000,0x0000008495900000]
Native frames: (J=compiled Java code, j=interpreted, Vv=VM code, C=native code)
V  [jvm.dll+0x678b0a]
V  [jvm.dll+0x835e84]
V  [jvm.dll+0x83762e]
V  [jvm.dll+0x837c93]
V  [jvm.dll+0x24746f]
V  [jvm.dll+0xa697b]
V  [jvm.dll+0x2f7f41]
V  [jvm.dll+0x2f3b80]
V  [jvm.dll+0x2dc1c7]
V  [jvm.dll+0x31f227]
V  [jvm.dll+0x83c15b]
V  [jvm.dll+0x83ce94]
V  [jvm.dll+0x83d3ac]
V  [jvm.dll+0x83d784]
V  [jvm.dll+0x83d850]
V  [jvm.dll+0x7e64ca]
V  [jvm.dll+0x677955]
C  [ucrtbase.dll+0x29363]
C  [KERNEL32.DLL+0x1257d]
C  [ntdll.dll+0x5aa78]

VM_Operation (0x00000084977feb70): G1CollectFull, mode: safepoint, requested by thread 0x000001d855362d80


---------------  P R O C E S S  ---------------

Threads class SMR info:
_java_thread_list=0x000001d8562170c0, length=35, elements={
0x000001d84f623380, 0x000001d84f625120, 0x000001d84f1cb9d0, 0x000001d84f1cc760,
0x000001d84f645ee0, 0x000001d84f6467b0, 0x000001d84f649cb0, 0x000001d84f655ee0,
0x000001d84f85a380, 0x000001d84f86acb0, 0x000001d854503910, 0x000001d855362d80,
0x000001d8553a9ac0, 0x000001d843cb3400, 0x000001d8550ad2f0, 0x000001d85540beb0,
0x000001d8551eb7a0, 0x000001d8551ec6d0, 0x000001d8551ecbe0, 0x000001d8551ed0f0,
0x000001d8551eb290, 0x000001d8551e9940, 0x000001d8551e9e50, 0x000001d8551ea360,
0x000001d8551ead80, 0x000001d856440470, 0x000001d8548850a0, 0x000001d856440e90,
0x000001d855fe1aa0, 0x000001d855fe24c0, 0x000001d85643ff60, 0x000001d8564418b0,
0x000001d855d5f420, 0x000001d855d5ef10, 0x000001d855d5f930
}

Java Threads: ( => current thread )
  0x000001d84f623380 JavaThread "Reference Handler" daemon [_thread_blocked, id=22716, stack(0x0000008495900000,0x0000008495a00000)]
  0x000001d84f625120 JavaThread "Finalizer" daemon [_thread_blocked, id=23768, stack(0x0000008495a00000,0x0000008495b00000)]
  0x000001d84f1cb9d0 JavaThread "Signal Dispatcher" daemon [_thread_blocked, id=6368, stack(0x0000008495b00000,0x0000008495c00000)]
  0x000001d84f1cc760 JavaThread "Attach Listener" daemon [_thread_blocked, id=13200, stack(0x0000008495c00000,0x0000008495d00000)]
  0x000001d84f645ee0 JavaThread "Service Thread" daemon [_thread_blocked, id=23340, stack(0x0000008495d00000,0x0000008495e00000)]
  0x000001d84f6467b0 JavaThread "Monitor Deflation Thread" daemon [_thread_blocked, id=22612, stack(0x0000008495e00000,0x0000008495f00000)]
  0x000001d84f649cb0 JavaThread "C1 CompilerThread0" daemon [_thread_blocked, id=9964, stack(0x0000008495f00000,0x0000008496000000)]
  0x000001d84f655ee0 JavaThread "Sweeper thread" daemon [_thread_blocked, id=23456, stack(0x0000008496000000,0x0000008496100000)]
  0x000001d84f85a380 JavaThread "Notification Thread" daemon [_thread_blocked, id=22860, stack(0x0000008496300000,0x0000008496400000)]
  0x000001d84f86acb0 JavaThread "Common-Cleaner" daemon [_thread_blocked, id=1972, stack(0x0000008496500000,0x0000008496600000)]
  0x000001d854503910 JavaThread "boundedElastic-evictor-1" daemon [_thread_blocked, id=24036, stack(0x0000008497600000,0x0000008497700000)]
  0x000001d855362d80 JavaThread "pool-11-thread-1" [_thread_blocked, id=4940, stack(0x0000008497700000,0x0000008497800000)]
  0x000001d8553a9ac0 JavaThread "LanguageServerApp-lifecycle" [_thread_blocked, id=18496, stack(0x0000008497800000,0x0000008497900000)]
  0x000001d843cb3400 JavaThread "DestroyJavaVM" [_thread_blocked, id=24392, stack(0x0000008495200000,0x0000008495300000)]
  0x000001d8550ad2f0 JavaThread "pool-12-thread-1" [_thread_in_native, id=15136, stack(0x0000008497900000,0x0000008497a00000)]
  0x000001d85540beb0 JavaThread "Simple-Language-Server main thread" daemon [_thread_blocked, id=22544, stack(0x0000008497a00000,0x0000008497b00000)]
  0x000001d8551eb7a0 JavaThread "parallel-1" daemon [_thread_blocked, id=22932, stack(0x0000008497e00000,0x0000008497f00000)]
  0x000001d8551ec6d0 JavaThread "pool-5-thread-1" [_thread_blocked, id=10024, stack(0x0000008497f00000,0x0000008498000000)]
  0x000001d8551ecbe0 JavaThread "parallel-2" daemon [_thread_blocked, id=2792, stack(0x0000008498000000,0x0000008498100000)]
  0x000001d8551ed0f0 JavaThread "parallel-3" daemon [_thread_blocked, id=10580, stack(0x0000008498100000,0x0000008498200000)]
  0x000001d8551eb290 JavaThread "parallel-4" daemon [_thread_blocked, id=13620, stack(0x0000008498400000,0x0000008498500000)]
  0x000001d8551e9940 JavaThread "parallel-5" daemon [_thread_blocked, id=2924, stack(0x0000008498500000,0x0000008498600000)]
  0x000001d8551e9e50 JavaThread "Reconciler-1" daemon [_thread_blocked, id=23564, stack(0x0000008494f00000,0x0000008495000000)]
  0x000001d8551ea360 JavaThread "pool-7-thread-1" [_thread_blocked, id=24168, stack(0x0000008496100000,0x0000008496200000)]
  0x000001d8551ead80 JavaThread "parallel-6" daemon [_thread_blocked, id=23252, stack(0x0000008496200000,0x0000008496300000)]
  0x000001d856440470 JavaThread "parallel-7" daemon [_thread_blocked, id=9876, stack(0x0000008495000000,0x0000008495100000)]
  0x000001d8548850a0 JavaThread "parallel-8" daemon [_thread_blocked, id=7660, stack(0x0000008495100000,0x0000008495200000)]
  0x000001d856440e90 JavaThread "parallel-9" daemon [_thread_blocked, id=16040, stack(0x0000008498800000,0x0000008498900000)]
  0x000001d855fe1aa0 JavaThread "parallel-10" daemon [_thread_blocked, id=19024, stack(0x0000008497c00000,0x0000008497d00000)]
  0x000001d855fe24c0 JavaThread "parallel-11" daemon [_thread_blocked, id=11252, stack(0x0000008496600000,0x0000008496700000)]
  0x000001d85643ff60 JavaThread "parallel-12" daemon [_thread_blocked, id=25328, stack(0x0000008496f00000,0x0000008497000000)]
  0x000001d8564418b0 JavaThread "parallel-13" daemon [_thread_blocked, id=4588, stack(0x0000008498200000,0x0000008498300000)]
  0x000001d855d5f420 JavaThread "parallel-14" daemon [_thread_blocked, id=19744, stack(0x0000008498300000,0x0000008498400000)]
  0x000001d855d5ef10 JavaThread "parallel-15" daemon [_thread_blocked, id=25444, stack(0x0000008498700000,0x0000008498800000)]
  0x000001d855d5f930 JavaThread "parallel-16" daemon [_thread_blocked, id=25364, stack(0x0000008498900000,0x0000008498a00000)]

Other Threads:
=>0x000001d84f1b6300 VMThread "VM Thread" [stack: 0x0000008495800000,0x0000008495900000] [id=16248]
  0x000001d843d0a2f0 WatcherThread [stack: 0x0000008496400000,0x0000008496500000] [id=22836]
  0x000001d843cef430 GCTaskThread "GC Thread#0" [stack: 0x0000008495300000,0x0000008495400000] [id=23084]
  0x000001d8548309b0 GCTaskThread "GC Thread#1" [stack: 0x0000008496700000,0x0000008496800000] [id=10356]
  0x000001d84f780070 GCTaskThread "GC Thread#2" [stack: 0x0000008496800000,0x0000008496900000] [id=24364]
  0x000001d84f780330 GCTaskThread "GC Thread#3" [stack: 0x0000008496900000,0x0000008496a00000] [id=13220]
  0x000001d854ab5430 GCTaskThread "GC Thread#4" [stack: 0x0000008496a00000,0x0000008496b00000] [id=22504]
  0x000001d854ab5900 GCTaskThread "GC Thread#5" [stack: 0x0000008496b00000,0x0000008496c00000] [id=24464]
  0x000001d854ab9bd0 GCTaskThread "GC Thread#6" [stack: 0x0000008496c00000,0x0000008496d00000] [id=396]
  0x000001d854ab9e90 GCTaskThread "GC Thread#7" [stack: 0x0000008496d00000,0x0000008496e00000] [id=896]
  0x000001d854d9dc70 GCTaskThread "GC Thread#8" [stack: 0x0000008497000000,0x0000008497100000] [id=2004]
  0x000001d854d9f050 GCTaskThread "GC Thread#9" [stack: 0x0000008497100000,0x0000008497200000] [id=17124]
  0x000001d854dea0f0 GCTaskThread "GC Thread#10" [stack: 0x0000008497200000,0x0000008497300000] [id=388]
  0x000001d854dea3b0 GCTaskThread "GC Thread#11" [stack: 0x0000008497300000,0x0000008497400000] [id=12300]
  0x000001d854f7e4a0 GCTaskThread "GC Thread#12" [stack: 0x0000008496e00000,0x0000008496f00000] [id=5980]
  0x000001d843cf92a0 ConcurrentGCThread "G1 Main Marker" [stack: 0x0000008495400000,0x0000008495500000] [id=23788]
  0x000001d843cf9bc0 ConcurrentGCThread "G1 Conc#0" [stack: 0x0000008495500000,0x0000008495600000] [id=23532]
  0x000001d854afc8d0 ConcurrentGCThread "G1 Conc#1" [stack: 0x0000008497400000,0x0000008497500000] [id=19356]
  0x000001d854deeac0 ConcurrentGCThread "G1 Conc#2" [stack: 0x0000008497500000,0x0000008497600000] [id=12308]
  0x000001d843d538b0 ConcurrentGCThread "G1 Refine#0" [stack: 0x0000008495600000,0x0000008495700000] [id=19100]
  0x000001d85642e0c0 ConcurrentGCThread "G1 Refine#1" [stack: 0x0000008498e00000,0x0000008498f00000] [id=22984]
  0x000001d843d540f0 ConcurrentGCThread "G1 Service" [stack: 0x0000008495700000,0x0000008495800000] [id=17676]

Threads with active compile tasks:

VM state: at safepoint (normal execution)

VM Mutex/Monitor currently owned by a thread:  ([mutex/lock_event])
[0x000001d8419ef4b0] Threads_lock - owner thread: 0x000001d84f1b6300
[0x000001d843ca2200] Heap_lock - owner thread: 0x000001d855362d80

Heap address: 0x00000000c0000000, size: 1024 MB, Compressed Oops mode: 32-bit

CDS archive(s) not mapped
Compressed class space mapped at: 0x0000000100000000-0x0000000140000000, reserved size: 1073741824
Narrow klass base: 0x0000000000000000, Narrow klass shift: 3, Narrow klass range: 0x140000000

GC Precious Log:
 CPUs: 16 total, 16 available
 Memory: 7540M
 Large Page Support: Disabled
 NUMA Support: Disabled
 Compressed Oops: Enabled (32-bit)
 Heap Region Size: 1M
 Heap Min Capacity: 8M
 Heap Initial Capacity: 118M
 Heap Max Capacity: 1G
 Pre-touch: Disabled
 Parallel Workers: 13
 Concurrent Workers: 3
 Concurrent Refinement Workers: 13
 Periodic GC: Disabled

Heap:
 garbage-first heap   total 88064K, used 35725K [0x00000000c0000000, 0x0000000100000000)
  region size 1024K, 1 young (1024K), 0 survivors (0K)
 Metaspace       used 56774K, committed 57216K, reserved 1114112K
  class space    used 7274K, committed 7488K, reserved 1048576K

Heap Regions: E=young(eden), S=young(survivor), O=old, HS=humongous(starts), HC=humongous(continues), CS=collection set, F=free, OA=open archive, CA=closed archive, TAMS=top-at-mark-start (previous, next)
|   0|0x00000000c0000000, 0x00000000c0100000, 0x00000000c0100000|100%| O|  |TAMS 0x00000000c0100000, 0x00000000c0000000| Untracked 
|   1|0x00000000c0100000, 0x00000000c01ffd68, 0x00000000c0200000| 99%| O|  |TAMS 0x00000000c01ffd68, 0x00000000c0100000| Untracked 
|   2|0x00000000c0200000, 0x00000000c02fd4b8, 0x00000000c0300000| 98%| O|  |TAMS 0x00000000c02fd4b8, 0x00000000c0200000| Untracked 
|   3|0x00000000c0300000, 0x00000000c03fffa8, 0x00000000c0400000| 99%| O|  |TAMS 0x00000000c03fffa8, 0x00000000c0300000| Untracked 
|   4|0x00000000c0400000, 0x00000000c04ffde0, 0x00000000c0500000| 99%| O|  |TAMS 0x00000000c04ffde0, 0x00000000c0400000| Untracked 
|   5|0x00000000c0500000, 0x00000000c0600000, 0x00000000c0600000|100%| O|  |TAMS 0x00000000c0600000, 0x00000000c0500000| Untracked 
|   6|0x00000000c0600000, 0x00000000c06ffff0, 0x00000000c0700000| 99%| O|  |TAMS 0x00000000c06ffff0, 0x00000000c0600000| Untracked 
|   7|0x00000000c0700000, 0x00000000c07ffff0, 0x00000000c0800000| 99%| O|  |TAMS 0x00000000c07ffff0, 0x00000000c0700000| Untracked 
|   8|0x00000000c0800000, 0x00000000c0900000, 0x00000000c0900000|100%| O|  |TAMS 0x00000000c0900000, 0x00000000c0800000| Untracked 
|   9|0x00000000c0900000, 0x00000000c09ffff8, 0x00000000c0a00000| 99%| O|  |TAMS 0x00000000c09ffff8, 0x00000000c0900000| Untracked 
|  10|0x00000000c0a00000, 0x00000000c0b00000, 0x00000000c0b00000|100%| O|  |TAMS 0x00000000c0b00000, 0x00000000c0a00000| Untracked 
|  11|0x00000000c0b00000, 0x00000000c0bfffa8, 0x00000000c0c00000| 99%| O|  |TAMS 0x00000000c0bfffa8, 0x00000000c0b00000| Untracked 
|  12|0x00000000c0c00000, 0x00000000c0d00000, 0x00000000c0d00000|100%| O|  |TAMS 0x00000000c0d00000, 0x00000000c0c00000| Untracked 
|  13|0x00000000c0d00000, 0x00000000c0e00000, 0x00000000c0e00000|100%| O|  |TAMS 0x00000000c0e00000, 0x00000000c0d00000| Untracked 
|  14|0x00000000c0e00000, 0x00000000c0effff0, 0x00000000c0f00000| 99%| O|  |TAMS 0x00000000c0effff0, 0x00000000c0e00000| Untracked 
|  15|0x00000000c0f00000, 0x00000000c1000000, 0x00000000c1000000|100%| O|  |TAMS 0x00000000c1000000, 0x00000000c0f00000| Untracked 
|  16|0x00000000c1000000, 0x00000000c10ffc68, 0x00000000c1100000| 99%| O|  |TAMS 0x00000000c10ffc68, 0x00000000c1000000| Untracked 
|  17|0x00000000c1100000, 0x00000000c11ffe30, 0x00000000c1200000| 99%| O|  |TAMS 0x00000000c11ffe30, 0x00000000c1100000| Untracked 
|  18|0x00000000c1200000, 0x00000000c12fa7c0, 0x00000000c1300000| 97%| O|  |TAMS 0x00000000c12fa7c0, 0x00000000c1200000| Untracked 
|  19|0x00000000c1300000, 0x00000000c1400000, 0x00000000c1400000|100%| O|  |TAMS 0x00000000c1400000, 0x00000000c1300000| Untracked 
|  20|0x00000000c1400000, 0x00000000c14f4410, 0x00000000c1500000| 95%| O|  |TAMS 0x00000000c14f4410, 0x00000000c1400000| Untracked 
|  21|0x00000000c1500000, 0x00000000c1600000, 0x00000000c1600000|100%|HS|  |TAMS 0x00000000c1600000, 0x00000000c1500000| Untracked 
|  22|0x00000000c1600000, 0x00000000c16ffff8, 0x00000000c1700000| 99%| O|  |TAMS 0x00000000c16ffff8, 0x00000000c1600000| Untracked 
|  23|0x00000000c1700000, 0x00000000c1800000, 0x00000000c1800000|100%| O|  |TAMS 0x00000000c1800000, 0x00000000c1700000| Untracked 
|  24|0x00000000c1800000, 0x00000000c18ffff0, 0x00000000c1900000| 99%| O|  |TAMS 0x00000000c18ffff0, 0x00000000c1800000| Untracked 
|  25|0x00000000c1900000, 0x00000000c19ff698, 0x00000000c1a00000| 99%| O|  |TAMS 0x00000000c19ff698, 0x00000000c1900000| Untracked 
|  26|0x00000000c1a00000, 0x00000000c1afffa0, 0x00000000c1b00000| 99%| O|  |TAMS 0x00000000c1afffa0, 0x00000000c1a00000| Untracked 
|  27|0x00000000c1b00000, 0x00000000c1bffff0, 0x00000000c1c00000| 99%| O|  |TAMS 0x00000000c1bffff0, 0x00000000c1b00000| Untracked 
|  28|0x00000000c1c00000, 0x00000000c1cffff0, 0x00000000c1d00000| 99%| O|  |TAMS 0x00000000c1cffff0, 0x00000000c1c00000| Untracked 
|  29|0x00000000c1d00000, 0x00000000c1dfffd8, 0x00000000c1e00000| 99%| O|  |TAMS 0x00000000c1dfffd8, 0x00000000c1d00000| Untracked 
|  30|0x00000000c1e00000, 0x00000000c1efffe8, 0x00000000c1f00000| 99%| O|  |TAMS 0x00000000c1efffe8, 0x00000000c1e00000| Untracked 
|  31|0x00000000c1f00000, 0x00000000c1fffff0, 0x00000000c2000000| 99%| O|  |TAMS 0x00000000c1fffff0, 0x00000000c1f00000| Untracked 
|  32|0x00000000c2000000, 0x00000000c20ffff8, 0x00000000c2100000| 99%| O|  |TAMS 0x00000000c20ffff8, 0x00000000c2000000| Untracked 
|  33|0x00000000c2100000, 0x00000000c2200000, 0x00000000c2200000|100%| O|  |TAMS 0x00000000c2200000, 0x00000000c2100000| Untracked 
|  34|0x00000000c2200000, 0x00000000c22f88d0, 0x00000000c2300000| 97%| O|  |TAMS 0x00000000c22f88d0, 0x00000000c2200000| Untracked 
|  35|0x00000000c2300000, 0x00000000c2300000, 0x00000000c2400000|  0%| F|  |TAMS 0x00000000c2300000, 0x00000000c2300000| Untracked 
|  36|0x00000000c2400000, 0x00000000c2400068, 0x00000000c2500000|  0%| O|  |TAMS 0x00000000c2400000, 0x00000000c2400000| Untracked 
|  37|0x00000000c2500000, 0x00000000c2500000, 0x00000000c2600000|  0%| F|  |TAMS 0x00000000c2500000, 0x00000000c2500000| Untracked 
|  38|0x00000000c2600000, 0x00000000c2600000, 0x00000000c2700000|  0%| F|  |TAMS 0x00000000c2600000, 0x00000000c2600000| Untracked 
|  39|0x00000000c2700000, 0x00000000c2700000, 0x00000000c2800000|  0%| F|  |TAMS 0x00000000c2700000, 0x00000000c2700000| Untracked 
|  40|0x00000000c2800000, 0x00000000c2800000, 0x00000000c2900000|  0%| F|  |TAMS 0x00000000c2800000, 0x00000000c2800000| Untracked 
|  41|0x00000000c2900000, 0x00000000c2900000, 0x00000000c2a00000|  0%| F|  |TAMS 0x00000000c2900000, 0x00000000c2900000| Untracked 
|  42|0x00000000c2a00000, 0x00000000c2a00000, 0x00000000c2b00000|  0%| F|  |TAMS 0x00000000c2a00000, 0x00000000c2a00000| Untracked 
|  43|0x00000000c2b00000, 0x00000000c2b00000, 0x00000000c2c00000|  0%| F|  |TAMS 0x00000000c2b00000, 0x00000000c2b00000| Untracked 
|  44|0x00000000c2c00000, 0x00000000c2c00000, 0x00000000c2d00000|  0%| F|  |TAMS 0x00000000c2c00000, 0x00000000c2c00000| Untracked 
|  45|0x00000000c2d00000, 0x00000000c2d00000, 0x00000000c2e00000|  0%| F|  |TAMS 0x00000000c2d00000, 0x00000000c2d00000| Untracked 
|  46|0x00000000c2e00000, 0x00000000c2e00000, 0x00000000c2f00000|  0%| F|  |TAMS 0x00000000c2e00000, 0x00000000c2e00000| Untracked 
|  47|0x00000000c2f00000, 0x00000000c2f00000, 0x00000000c3000000|  0%| F|  |TAMS 0x00000000c2f00000, 0x00000000c2f00000| Untracked 
|  48|0x00000000c3000000, 0x00000000c3000000, 0x00000000c3100000|  0%| F|  |TAMS 0x00000000c3000000, 0x00000000c3000000| Untracked 
|  49|0x00000000c3100000, 0x00000000c3100000, 0x00000000c3200000|  0%| F|  |TAMS 0x00000000c3100000, 0x00000000c3100000| Untracked 
|  50|0x00000000c3200000, 0x00000000c3200000, 0x00000000c3300000|  0%| F|  |TAMS 0x00000000c3200000, 0x00000000c3200000| Untracked 
|  51|0x00000000c3300000, 0x00000000c3300000, 0x00000000c3400000|  0%| F|  |TAMS 0x00000000c3300000, 0x00000000c3300000| Untracked 
|  52|0x00000000c3400000, 0x00000000c3400000, 0x00000000c3500000|  0%| F|  |TAMS 0x00000000c3400000, 0x00000000c3400000| Untracked 
|  53|0x00000000c3500000, 0x00000000c3500000, 0x00000000c3600000|  0%| F|  |TAMS 0x00000000c3500000, 0x00000000c3500000| Untracked 
|  54|0x00000000c3600000, 0x00000000c3600000, 0x00000000c3700000|  0%| F|  |TAMS 0x00000000c3600000, 0x00000000c3600000| Untracked 
|  55|0x00000000c3700000, 0x00000000c3700000, 0x00000000c3800000|  0%| F|  |TAMS 0x00000000c3700000, 0x00000000c3700000| Untracked 
|  56|0x00000000c3800000, 0x00000000c3800000, 0x00000000c3900000|  0%| F|  |TAMS 0x00000000c3800000, 0x00000000c3800000| Untracked 
|  57|0x00000000c3900000, 0x00000000c3900000, 0x00000000c3a00000|  0%| F|  |TAMS 0x00000000c3900000, 0x00000000c3900000| Untracked 
|  58|0x00000000c3a00000, 0x00000000c3a00000, 0x00000000c3b00000|  0%| F|  |TAMS 0x00000000c3a00000, 0x00000000c3a00000| Untracked 
|  59|0x00000000c3b00000, 0x00000000c3b00000, 0x00000000c3c00000|  0%| F|  |TAMS 0x00000000c3b00000, 0x00000000c3b00000| Untracked 
|  60|0x00000000c3c00000, 0x00000000c3c00000, 0x00000000c3d00000|  0%| F|  |TAMS 0x00000000c3c00000, 0x00000000c3c00000| Untracked 
|  61|0x00000000c3d00000, 0x00000000c3d00000, 0x00000000c3e00000|  0%| F|  |TAMS 0x00000000c3d00000, 0x00000000c3d00000| Untracked 
|  62|0x00000000c3e00000, 0x00000000c3e00000, 0x00000000c3f00000|  0%| F|  |TAMS 0x00000000c3e00000, 0x00000000c3e00000| Untracked 
|  63|0x00000000c3f00000, 0x00000000c3f00000, 0x00000000c4000000|  0%| F|  |TAMS 0x00000000c3f00000, 0x00000000c3f00000| Untracked 
|  64|0x00000000c4000000, 0x00000000c4000000, 0x00000000c4100000|  0%| F|  |TAMS 0x00000000c4000000, 0x00000000c4000000| Untracked 
|  65|0x00000000c4100000, 0x00000000c4100000, 0x00000000c4200000|  0%| F|  |TAMS 0x00000000c4100000, 0x00000000c4100000| Untracked 
|  66|0x00000000c4200000, 0x00000000c4200000, 0x00000000c4300000|  0%| F|  |TAMS 0x00000000c4200000, 0x00000000c4200000| Untracked 
|  67|0x00000000c4300000, 0x00000000c4300000, 0x00000000c4400000|  0%| F|  |TAMS 0x00000000c4300000, 0x00000000c4300000| Untracked 
|  68|0x00000000c4400000, 0x00000000c4400000, 0x00000000c4500000|  0%| F|  |TAMS 0x00000000c4400000, 0x00000000c4400000| Untracked 
|  69|0x00000000c4500000, 0x00000000c4500000, 0x00000000c4600000|  0%| F|  |TAMS 0x00000000c4500000, 0x00000000c4500000| Untracked 
|  70|0x00000000c4600000, 0x00000000c4600000, 0x00000000c4700000|  0%| F|  |TAMS 0x00000000c4600000, 0x00000000c4600000| Untracked 
|  71|0x00000000c4700000, 0x00000000c4700000, 0x00000000c4800000|  0%| F|  |TAMS 0x00000000c4700000, 0x00000000c4700000| Untracked 
|  72|0x00000000c4800000, 0x00000000c4800000, 0x00000000c4900000|  0%| F|  |TAMS 0x00000000c4800000, 0x00000000c4800000| Untracked 
|  73|0x00000000c4900000, 0x00000000c4900000, 0x00000000c4a00000|  0%| F|  |TAMS 0x00000000c4900000, 0x00000000c4900000| Untracked 
|  74|0x00000000c4a00000, 0x00000000c4a00000, 0x00000000c4b00000|  0%| F|  |TAMS 0x00000000c4a00000, 0x00000000c4a00000| Untracked 
|  75|0x00000000c4b00000, 0x00000000c4b00000, 0x00000000c4c00000|  0%| F|  |TAMS 0x00000000c4b00000, 0x00000000c4b00000| Untracked 
|  76|0x00000000c4c00000, 0x00000000c4c00000, 0x00000000c4d00000|  0%| F|  |TAMS 0x00000000c4c00000, 0x00000000c4c00000| Untracked 
|  77|0x00000000c4d00000, 0x00000000c4d00000, 0x00000000c4e00000|  0%| F|  |TAMS 0x00000000c4d00000, 0x00000000c4d00000| Untracked 
|  78|0x00000000c4e00000, 0x00000000c4e00000, 0x00000000c4f00000|  0%| F|  |TAMS 0x00000000c4e00000, 0x00000000c4e00000| Untracked 
|  79|0x00000000c4f00000, 0x00000000c4f00000, 0x00000000c5000000|  0%| F|  |TAMS 0x00000000c4f00000, 0x00000000c4f00000| Untracked 
|  83|0x00000000c5300000, 0x00000000c5300000, 0x00000000c5400000|  0%| F|  |TAMS 0x00000000c5300000, 0x00000000c5300000| Untracked 
|  84|0x00000000c5400000, 0x00000000c5400000, 0x00000000c5500000|  0%| F|  |TAMS 0x00000000c5400000, 0x00000000c5400000| Untracked 
|  85|0x00000000c5500000, 0x00000000c5500000, 0x00000000c5600000|  0%| F|  |TAMS 0x00000000c5500000, 0x00000000c5500000| Untracked 
|  86|0x00000000c5600000, 0x00000000c5600000, 0x00000000c5700000|  0%| F|  |TAMS 0x00000000c5600000, 0x00000000c5600000| Untracked 
|  87|0x00000000c5700000, 0x00000000c5700000, 0x00000000c5800000|  0%| F|  |TAMS 0x00000000c5700000, 0x00000000c5700000| Untracked 
| 117|0x00000000c7500000, 0x00000000c75058a8, 0x00000000c7600000|  2%| E|  |TAMS 0x00000000c7500000, 0x00000000c7500000| Complete 

Card table byte_map: [0x000001d84a1b0000,0x000001d84a3b0000] _byte_map_base: 0x000001d849bb0000

Marking Bits (Prev, Next): (CMBitMap*) 0x000001d843cf0970, (CMBitMap*) 0x000001d843cf09b0
 Prev Bits: [0x000001d84a5b0000, 0x000001d84b5b0000)
 Next Bits: [0x000001d84b5b0000, 0x000001d84c5b0000)

Polling page: 0x000001d841c90000

Metaspace:

Usage:
  Non-class:     48.34 MB used.
      Class:      7.10 MB used.
       Both:     55.44 MB used.

Virtual space:
  Non-class space:       64.00 MB reserved,      48.56 MB ( 76%) committed,  1 nodes.
      Class space:        1.00 GB reserved,       7.31 MB ( <1%) committed,  1 nodes.
             Both:        1.06 GB reserved,      55.88 MB (  5%) committed. 

Chunk freelists:
   Non-Class:  14.82 MB
       Class:  8.60 MB
        Both:  23.43 MB

MaxMetaspaceSize: unlimited
CompressedClassSpaceSize: 1.00 GB
Initial GC threshold: 21.00 MB
Current GC threshold: 93.06 MB
CDS: off
MetaspaceReclaimPolicy: balanced
 - commit_granule_bytes: 65536.
 - commit_granule_words: 8192.
 - virtual_space_node_default_size: 8388608.
 - enlarge_chunks_in_place: 1.
 - new_chunks_are_fully_committed: 0.
 - uncommit_free_chunks: 1.
 - use_allocation_guard: 0.
 - handle_deallocations: 1.


Internal statistics:

num_allocs_failed_limit: 6.
num_arena_births: 820.
num_arena_deaths: 336.
num_vsnodes_births: 2.
num_vsnodes_deaths: 0.
num_space_committed: 895.
num_space_uncommitted: 1.
num_chunks_returned_to_freelist: 430.
num_chunks_taken_from_freelist: 2780.
num_chunk_merges: 146.
num_chunk_splits: 1750.
num_chunks_enlarged: 1246.
num_inconsistent_stats: 0.

CodeCache: size=49152Kb used=15139Kb max_used=16474Kb free=34012Kb
 bounds [0x000001d846920000, 0x000001d847940000, 0x000001d849920000]
 total_blobs=8748 nmethods=8093 adapters=581
 compilation: enabled
              stopped_count=0, restarted_count=0
 full_count=0

Compilation events (20 events):
Event: 4682.424 Thread 0x000001d84f649cb0 8084       1       org.eclipse.jdt.internal.core.dom.util.DOMASTUtil::isNodeTypeSupportedinAST (13 bytes)
Event: 4682.424 Thread 0x000001d84f649cb0 nmethod 8084 0x000001d8478f6a90 code [0x000001d8478f6c20, 0x000001d8478f6d08]
Event: 4682.424 Thread 0x000001d84f649cb0 8085       1       org.eclipse.jdt.internal.core.dom.util.DOMASTUtil::isNodeTypeSupportedinAST (117 bytes)
Event: 4682.425 Thread 0x000001d84f649cb0 nmethod 8085 0x000001d8478f6510 code [0x000001d8478f66e0, 0x000001d8478f69f8]
Event: 4682.425 Thread 0x000001d84f649cb0 8086  s    1       java.lang.StringBuffer::append (13 bytes)
Event: 4682.425 Thread 0x000001d84f649cb0 nmethod 8086 0x000001d8478f6110 code [0x000001d8478f62a0, 0x000001d8478f6468]
Event: 4691.334 Thread 0x000001d84f649cb0 8087       1       org.springframework.ide.vscode.boot.java.requestmapping.WebfluxHandlerCodeLensProvider$1::visit (26 bytes)
Event: 4691.334 Thread 0x000001d84f649cb0 nmethod 8087 0x000001d8478f5d90 code [0x000001d8478f5f20, 0x000001d8478f6028]
Event: 4691.334 Thread 0x000001d84f649cb0 8088   !   1       org.springframework.ide.vscode.boot.java.requestmapping.WebfluxHandlerCodeLensProvider::provideCodeLens (380 bytes)
Event: 4691.336 Thread 0x000001d84f649cb0 nmethod 8088 0x000001d8478f3090 code [0x000001d8478f3560, 0x000001d8478f4aa8]
Event: 4691.336 Thread 0x000001d84f649cb0 8089       1       org.springframework.ide.vscode.boot.java.requestmapping.WebfluxHandlerCodeLensProvider$$Lambda$1013/0x0000000100738000::<init> (15 bytes)
Event: 4691.336 Thread 0x000001d84f649cb0 nmethod 8089 0x000001d8478f2d10 code [0x000001d8478f2ea0, 0x000001d8478f2ff8]
Event: 4691.336 Thread 0x000001d84f649cb0 8090   !   1       org.springframework.ide.vscode.boot.app.SpringSymbolIndex::getAllAdditionalInformation (79 bytes)
Event: 4691.336 Thread 0x000001d84f649cb0 nmethod 8090 0x000001d8478f1b90 code [0x000001d8478f1e00, 0x000001d8478f27f8]
Event: 40804.245 Thread 0x000001d84f649cb0 8091       1       org.eclipse.jdt.core.compiler.CharOperation::compareTo (54 bytes)
Event: 40804.248 Thread 0x000001d84f649cb0 nmethod 8091 0x000001d8478f1790 code [0x000001d8478f1920, 0x000001d8478f1a78]
Event: 40804.314 Thread 0x000001d84f649cb0 8092       1       org.eclipse.jdt.internal.compiler.lookup.TypeVariableBinding::unannotated (20 bytes)
Event: 40804.317 Thread 0x000001d84f649cb0 nmethod 8092 0x000001d8478f1390 code [0x000001d8478f1540, 0x000001d8478f16a8]
Event: 40804.317 Thread 0x000001d84f649cb0 8093       1       org.eclipse.jdt.internal.compiler.lookup.ParameterizedTypeBinding::getSingleAbstractMethod (407 bytes)
Event: 40804.326 Thread 0x000001d84f649cb0 nmethod 8093 0x000001d8478ef510 code [0x000001d8478ef840, 0x000001d8478f0828]

GC Heap History (20 events):
Event: 106038.793 GC heap before
{Heap before GC invocations=4262 (full 4228):
 garbage-first heap   total 88064K, used 35725K [0x00000000c0000000, 0x0000000100000000)
  region size 1024K, 1 young (1024K), 0 survivors (0K)
 Metaspace       used 56774K, committed 57216K, reserved 1114112K
  class space    used 7274K, committed 7488K, reserved 1048576K
}
Event: 106038.825 GC heap after
{Heap after GC invocations=4263 (full 4229):
 garbage-first heap   total 88064K, used 35725K [0x00000000c0000000, 0x0000000100000000)
  region size 1024K, 0 young (0K), 0 survivors (0K)
 Metaspace       used 56774K, committed 57216K, reserved 1114112K
  class space    used 7274K, committed 7488K, reserved 1048576K
}
Event: 106049.090 GC heap before
{Heap before GC invocations=4263 (full 4229):
 garbage-first heap   total 88064K, used 35725K [0x00000000c0000000, 0x0000000100000000)
  region size 1024K, 1 young (1024K), 0 survivors (0K)
 Metaspace       used 56774K, committed 57216K, reserved 1114112K
  class space    used 7274K, committed 7488K, reserved 1048576K
}
Event: 106049.126 GC heap after
{Heap after GC invocations=4264 (full 4230):
 garbage-first heap   total 88064K, used 35725K [0x00000000c0000000, 0x0000000100000000)
  region size 1024K, 0 young (0K), 0 survivors (0K)
 Metaspace       used 56774K, committed 57216K, reserved 1114112K
  class space    used 7274K, committed 7488K, reserved 1048576K
}
Event: 106059.377 GC heap before
{Heap before GC invocations=4264 (full 4230):
 garbage-first heap   total 88064K, used 35725K [0x00000000c0000000, 0x0000000100000000)
  region size 1024K, 1 young (1024K), 0 survivors (0K)
 Metaspace       used 56774K, committed 57216K, reserved 1114112K
  class space    used 7274K, committed 7488K, reserved 1048576K
}
Event: 106059.415 GC heap after
{Heap after GC invocations=4265 (full 4231):
 garbage-first heap   total 88064K, used 35725K [0x00000000c0000000, 0x0000000100000000)
  region size 1024K, 0 young (0K), 0 survivors (0K)
 Metaspace       used 56774K, committed 57216K, reserved 1114112K
  class space    used 7274K, committed 7488K, reserved 1048576K
}
Event: 106069.646 GC heap before
{Heap before GC invocations=4265 (full 4231):
 garbage-first heap   total 88064K, used 35725K [0x00000000c0000000, 0x0000000100000000)
  region size 1024K, 1 young (1024K), 0 survivors (0K)
 Metaspace       used 56774K, committed 57216K, reserved 1114112K
  class space    used 7274K, committed 7488K, reserved 1048576K
}
Event: 106069.676 GC heap after
{Heap after GC invocations=4266 (full 4232):
 garbage-first heap   total 88064K, used 35725K [0x00000000c0000000, 0x0000000100000000)
  region size 1024K, 0 young (0K), 0 survivors (0K)
 Metaspace       used 56774K, committed 57216K, reserved 1114112K
  class space    used 7274K, committed 7488K, reserved 1048576K
}
Event: 106080.009 GC heap before
{Heap before GC invocations=4266 (full 4232):
 garbage-first heap   total 88064K, used 35725K [0x00000000c0000000, 0x0000000100000000)
  region size 1024K, 1 young (1024K), 0 survivors (0K)
 Metaspace       used 56774K, committed 57216K, reserved 1114112K
  class space    used 7274K, committed 7488K, reserved 1048576K
}
Event: 106080.045 GC heap after
{Heap after GC invocations=4267 (full 4233):
 garbage-first heap   total 88064K, used 35725K [0x00000000c0000000, 0x0000000100000000)
  region size 1024K, 0 young (0K), 0 survivors (0K)
 Metaspace       used 56774K, committed 57216K, reserved 1114112K
  class space    used 7274K, committed 7488K, reserved 1048576K
}
Event: 106090.353 GC heap before
{Heap before GC invocations=4267 (full 4233):
 garbage-first heap   total 88064K, used 35725K [0x00000000c0000000, 0x0000000100000000)
  region size 1024K, 1 young (1024K), 0 survivors (0K)
 Metaspace       used 56774K, committed 57216K, reserved 1114112K
  class space    used 7274K, committed 7488K, reserved 1048576K
}
Event: 106090.397 GC heap after
{Heap after GC invocations=4268 (full 4234):
 garbage-first heap   total 88064K, used 35725K [0x00000000c0000000, 0x0000000100000000)
  region size 1024K, 0 young (0K), 0 survivors (0K)
 Metaspace       used 56774K, committed 57216K, reserved 1114112K
  class space    used 7274K, committed 7488K, reserved 1048576K
}
Event: 106100.660 GC heap before
{Heap before GC invocations=4268 (full 4234):
 garbage-first heap   total 88064K, used 35725K [0x00000000c0000000, 0x0000000100000000)
  region size 1024K, 1 young (1024K), 0 survivors (0K)
 Metaspace       used 56774K, committed 57216K, reserved 1114112K
  class space    used 7274K, committed 7488K, reserved 1048576K
}
Event: 106100.691 GC heap after
{Heap after GC invocations=4269 (full 4235):
 garbage-first heap   total 88064K, used 35725K [0x00000000c0000000, 0x0000000100000000)
  region size 1024K, 0 young (0K), 0 survivors (0K)
 Metaspace       used 56774K, committed 57216K, reserved 1114112K
  class space    used 7274K, committed 7488K, reserved 1048576K
}
Event: 106110.959 GC heap before
{Heap before GC invocations=4269 (full 4235):
 garbage-first heap   total 88064K, used 35725K [0x00000000c0000000, 0x0000000100000000)
  region size 1024K, 1 young (1024K), 0 survivors (0K)
 Metaspace       used 56774K, committed 57216K, reserved 1114112K
  class space    used 7274K, committed 7488K, reserved 1048576K
}
Event: 106110.989 GC heap after
{Heap after GC invocations=4270 (full 4236):
 garbage-first heap   total 88064K, used 35725K [0x00000000c0000000, 0x0000000100000000)
  region size 1024K, 0 young (0K), 0 survivors (0K)
 Metaspace       used 56774K, committed 57216K, reserved 1114112K
  class space    used 7274K, committed 7488K, reserved 1048576K
}
Event: 106121.233 GC heap before
{Heap before GC invocations=4270 (full 4236):
 garbage-first heap   total 88064K, used 35725K [0x00000000c0000000, 0x0000000100000000)
  region size 1024K, 1 young (1024K), 0 survivors (0K)
 Metaspace       used 56774K, committed 57216K, reserved 1114112K
  class space    used 7274K, committed 7488K, reserved 1048576K
}
Event: 106121.262 GC heap after
{Heap after GC invocations=4271 (full 4237):
 garbage-first heap   total 88064K, used 35725K [0x00000000c0000000, 0x0000000100000000)
  region size 1024K, 0 young (0K), 0 survivors (0K)
 Metaspace       used 56774K, committed 57216K, reserved 1114112K
  class space    used 7274K, committed 7488K, reserved 1048576K
}
Event: 106131.711 GC heap before
{Heap before GC invocations=4271 (full 4237):
 garbage-first heap   total 88064K, used 35725K [0x00000000c0000000, 0x0000000100000000)
  region size 1024K, 1 young (1024K), 0 survivors (0K)
 Metaspace       used 56774K, committed 57216K, reserved 1114112K
  class space    used 7274K, committed 7488K, reserved 1048576K
}
Event: 106131.773 GC heap after
{Heap after GC invocations=4272 (full 4238):
 garbage-first heap   total 88064K, used 35725K [0x00000000c0000000, 0x0000000100000000)
  region size 1024K, 0 young (0K), 0 survivors (0K)
 Metaspace       used 56774K, committed 57216K, reserved 1114112K
  class space    used 7274K, committed 7488K, reserved 1048576K
}

Dll operation events (9 events):
Event: 0.020 Loaded shared library c:\Users\BILAL\.vscode\extensions\redhat.java-1.23.0-win32-x64\jre\17.0.8.1-win32-x86_64\bin\java.dll
Event: 0.686 Loaded shared library C:\Users\BILAL\.vscode\extensions\redhat.java-1.23.0-win32-x64\jre\17.0.8.1-win32-x86_64\bin\net.dll
Event: 0.689 Loaded shared library C:\Users\BILAL\.vscode\extensions\redhat.java-1.23.0-win32-x64\jre\17.0.8.1-win32-x86_64\bin\nio.dll
Event: 1.429 Loaded shared library C:\Users\BILAL\.vscode\extensions\redhat.java-1.23.0-win32-x64\jre\17.0.8.1-win32-x86_64\bin\zip.dll
Event: 19.380 Loaded shared library C:\Users\BILAL\.vscode\extensions\redhat.java-1.23.0-win32-x64\jre\17.0.8.1-win32-x86_64\bin\jimage.dll
Event: 27.135 Loaded shared library c:\Users\BILAL\.vscode\extensions\redhat.java-1.23.0-win32-x64\jre\17.0.8.1-win32-x86_64\bin\verify.dll
Event: 28.644 Loaded shared library C:\Users\BILAL\.vscode\extensions\redhat.java-1.23.0-win32-x64\jre\17.0.8.1-win32-x86_64\bin\management.dll
Event: 28.647 Loaded shared library C:\Users\BILAL\.vscode\extensions\redhat.java-1.23.0-win32-x64\jre\17.0.8.1-win32-x86_64\bin\management_ext.dll
Event: 30.446 Loaded shared library C:\Users\BILAL\.vscode\extensions\redhat.java-1.23.0-win32-x64\jre\17.0.8.1-win32-x86_64\bin\sunmscapi.dll

Deoptimization events (20 events):
Event: 657.567 Thread 0x000001d8551ebcb0 DEOPT PACKING pc=0x000001d84746b45d sp=0x00000084966fdb40
Event: 657.567 Thread 0x000001d8551ebcb0 DEOPT UNPACKING pc=0x000001d846977143 sp=0x00000084966fd038 mode 3
Event: 657.568 Thread 0x000001d8551ea870 DEOPT PACKING pc=0x000001d84746b45d sp=0x0000008496ffdbf0
Event: 657.568 Thread 0x000001d8551ea870 DEOPT UNPACKING pc=0x000001d846977143 sp=0x0000008496ffd0e8 mode 3
Event: 657.744 Thread 0x000001d8551ebcb0 DEOPT PACKING pc=0x000001d8474c8a78 sp=0x00000084966fcf30
Event: 657.744 Thread 0x000001d8551ebcb0 DEOPT UNPACKING pc=0x000001d846977143 sp=0x00000084966fc3e8 mode 3
Event: 657.744 Thread 0x000001d8551ebcb0 DEOPT PACKING pc=0x000001d8474c7884 sp=0x00000084966fce40
Event: 657.744 Thread 0x000001d8551ebcb0 DEOPT UNPACKING pc=0x000001d846977143 sp=0x00000084966fc320 mode 3
Event: 658.098 Thread 0x000001d8551ea870 DEOPT PACKING pc=0x000001d8474dd14f sp=0x0000008496ffda50
Event: 658.098 Thread 0x000001d8551ea870 DEOPT UNPACKING pc=0x000001d846977143 sp=0x0000008496ffcf40 mode 3
Event: 658.156 Thread 0x000001d854547c20 DEOPT PACKING pc=0x000001d847108d24 sp=0x0000008497bfe950
Event: 658.156 Thread 0x000001d85454aec0 DEOPT PACKING pc=0x000001d847108d24 sp=0x00000084983fe9c0
Event: 658.156 Thread 0x000001d85454aec0 DEOPT UNPACKING pc=0x000001d846977143 sp=0x00000084983fdea8 mode 0
Event: 658.156 Thread 0x000001d854547c20 DEOPT UNPACKING pc=0x000001d846977143 sp=0x0000008497bfde38 mode 0
Event: 683.882 Thread 0x000001d85454aec0 DEOPT PACKING pc=0x000001d846ca83b6 sp=0x00000084983fd240
Event: 683.882 Thread 0x000001d85454aec0 DEOPT UNPACKING pc=0x000001d846977143 sp=0x00000084983fc738 mode 3
Event: 693.475 Thread 0x000001d85454aec0 DEOPT PACKING pc=0x000001d8475bfc20 sp=0x00000084983fd940
Event: 693.475 Thread 0x000001d85454aec0 DEOPT UNPACKING pc=0x000001d846977143 sp=0x00000084983fcdc0 mode 3
Event: 3342.497 Thread 0x000001d8564413a0 DEOPT PACKING pc=0x000001d847602275 sp=0x0000008497bfd9b0
Event: 3342.497 Thread 0x000001d8564413a0 DEOPT UNPACKING pc=0x000001d846977143 sp=0x0000008497bfced0 mode 3

Classes unloaded (20 events):
Event: 3544.819 Thread 0x000001d84f1b6300 Unloading class 0x000000010074a000 'jdk/internal/reflect/GeneratedConstructorAccessor54'
Event: 3544.819 Thread 0x000001d84f1b6300 Unloading class 0x0000000100741400 'jdk/internal/reflect/GeneratedConstructorAccessor53'
Event: 3544.819 Thread 0x000001d84f1b6300 Unloading class 0x0000000100741000 'jdk/internal/reflect/GeneratedConstructorAccessor52'
Event: 3544.819 Thread 0x000001d84f1b6300 Unloading class 0x000000010074b400 'jdk/internal/reflect/GeneratedConstructorAccessor51'
Event: 3544.819 Thread 0x000001d84f1b6300 Unloading class 0x000000010074b800 'jdk/internal/reflect/GeneratedConstructorAccessor50'
Event: 3544.819 Thread 0x000001d84f1b6300 Unloading class 0x000000010051c000 'jdk/internal/reflect/GeneratedConstructorAccessor48'
Event: 3796.381 Thread 0x000001d84f1b6300 Unloading class 0x0000000100761400 'java/lang/invoke/LambdaForm$MH+0x0000000100761400'
Event: 3796.381 Thread 0x000001d84f1b6300 Unloading class 0x0000000100761000 'java/lang/invoke/LambdaForm$MH+0x0000000100761000'
Event: 3796.381 Thread 0x000001d84f1b6300 Unloading class 0x0000000100760c00 'java/lang/invoke/LambdaForm$MH+0x0000000100760c00'
Event: 3796.381 Thread 0x000001d84f1b6300 Unloading class 0x0000000100760800 'java/lang/invoke/LambdaForm$MH+0x0000000100760800'
Event: 3796.381 Thread 0x000001d84f1b6300 Unloading class 0x000000010051c000 'java/lang/invoke/LambdaForm$MH+0x000000010051c000'
Event: 3796.381 Thread 0x000001d84f1b6300 Unloading class 0x000000010074b800 'java/lang/invoke/LambdaForm$MH+0x000000010074b800'
Event: 3796.381 Thread 0x000001d84f1b6300 Unloading class 0x000000010074b400 'java/lang/invoke/LambdaForm$MH+0x000000010074b400'
Event: 3796.381 Thread 0x000001d84f1b6300 Unloading class 0x000000010074a000 'java/lang/invoke/LambdaForm$MH+0x000000010074a000'
Event: 4735.848 Thread 0x000001d84f1b6300 Unloading class 0x0000000100763000 'jdk/internal/reflect/GeneratedConstructorAccessor70'
Event: 4735.848 Thread 0x000001d84f1b6300 Unloading class 0x0000000100762c00 'jdk/internal/reflect/GeneratedConstructorAccessor69'
Event: 4735.848 Thread 0x000001d84f1b6300 Unloading class 0x0000000100762800 'jdk/internal/reflect/GeneratedConstructorAccessor68'
Event: 4735.848 Thread 0x000001d84f1b6300 Unloading class 0x0000000100760c00 'jdk/internal/reflect/GeneratedConstructorAccessor67'
Event: 4735.848 Thread 0x000001d84f1b6300 Unloading class 0x0000000100760800 'jdk/internal/reflect/GeneratedConstructorAccessor66'
Event: 4735.848 Thread 0x000001d84f1b6300 Unloading class 0x0000000100761400 'jdk/internal/reflect/GeneratedConstructorAccessor65'

Classes redefined (0 events):
No events

Internal exceptions (20 events):
Event: 3341.111 Thread 0x000001d8551e9e50 Exception <a 'sun/nio/fs/WindowsException'{0x00000000c4d6b4e8}> (0x00000000c4d6b4e8) 
thrown [s\src\hotspot\share\prims\jni.cpp, line 516]
Event: 3341.111 Thread 0x000001d8551e9e50 Exception <a 'sun/nio/fs/WindowsException'{0x00000000c4d6bdc8}> (0x00000000c4d6bdc8) 
thrown [s\src\hotspot\share\prims\jni.cpp, line 516]
Event: 3341.111 Thread 0x000001d8551e9e50 Exception <a 'sun/nio/fs/WindowsException'{0x00000000c4d6c248}> (0x00000000c4d6c248) 
thrown [s\src\hotspot\share\prims\jni.cpp, line 516]
Event: 3341.111 Thread 0x000001d8551e9e50 Exception <a 'sun/nio/fs/WindowsException'{0x00000000c4d6d270}> (0x00000000c4d6d270) 
thrown [s\src\hotspot\share\prims\jni.cpp, line 516]
Event: 3341.111 Thread 0x000001d8551e9e50 Exception <a 'sun/nio/fs/WindowsException'{0x00000000c4d6d730}> (0x00000000c4d6d730) 
thrown [s\src\hotspot\share\prims\jni.cpp, line 516]
Event: 3341.111 Thread 0x000001d8551e9e50 Exception <a 'sun/nio/fs/WindowsException'{0x00000000c4d6e520}> (0x00000000c4d6e520) 
thrown [s\src\hotspot\share\prims\jni.cpp, line 516]
Event: 3341.111 Thread 0x000001d8551e9e50 Exception <a 'sun/nio/fs/WindowsException'{0x00000000c4d6ee40}> (0x00000000c4d6ee40) 
thrown [s\src\hotspot\share\prims\jni.cpp, line 516]
Event: 3341.111 Thread 0x000001d8551e9e50 Exception <a 'sun/nio/fs/WindowsException'{0x00000000c4d6f2e0}> (0x00000000c4d6f2e0) 
thrown [s\src\hotspot\share\prims\jni.cpp, line 516]
Event: 3341.111 Thread 0x000001d8551e9e50 Exception <a 'sun/nio/fs/WindowsException'{0x00000000c4d70328}> (0x00000000c4d70328) 
thrown [s\src\hotspot\share\prims\jni.cpp, line 516]
Event: 3341.111 Thread 0x000001d8551e9e50 Exception <a 'sun/nio/fs/WindowsException'{0x00000000c4d70808}> (0x00000000c4d70808) 
thrown [s\src\hotspot\share\prims\jni.cpp, line 516]
Event: 3342.409 Thread 0x000001d8564413a0 Exception <a 'java/lang/ClassCastException'{0x00000000c4894980}> (0x00000000c4894980) 
thrown [s\src\hotspot\share\runtime\sharedRuntime.cpp, line 628]
Event: 3342.416 Thread 0x000001d8564413a0 Exception <a 'java/lang/ClassCastException'{0x00000000c4785670}> (0x00000000c4785670) 
thrown [s\src\hotspot\share\runtime\sharedRuntime.cpp, line 628]
Event: 3342.497 Thread 0x000001d8564413a0 Implicit null exception at 0x000001d8476019a8 to 0x000001d847602270
Event: 3429.309 Thread 0x000001d8564413a0 Exception <a 'java/lang/ClassCastException'{0x00000000c4bac8d8}> (0x00000000c4bac8d8) 
thrown [s\src\hotspot\share\runtime\sharedRuntime.cpp, line 628]
Event: 3429.313 Thread 0x000001d8564413a0 Exception <a 'java/lang/ClassCastException'{0x00000000c4a9c620}> (0x00000000c4a9c620) 
thrown [s\src\hotspot\share\runtime\sharedRuntime.cpp, line 628]
Event: 3496.979 Thread 0x000001d8564413a0 Exception <a 'java/lang/ClassCastException'{0x00000000c4365b60}> (0x00000000c4365b60) 
thrown [s\src\hotspot\share\runtime\sharedRuntime.cpp, line 628]
Event: 3496.984 Thread 0x000001d8564413a0 Exception <a 'java/lang/ClassCastException'{0x00000000c42558f8}> (0x00000000c42558f8) 
thrown [s\src\hotspot\share\runtime\sharedRuntime.cpp, line 628]
Event: 3596.885 Thread 0x000001d8564822c0 Exception <a 'java/lang/ClassCastException'{0x00000000c57f5dd0}> (0x00000000c57f5dd0) 
thrown [s\src\hotspot\share\runtime\sharedRuntime.cpp, line 628]
Event: 3596.891 Thread 0x000001d8564822c0 Exception <a 'java/lang/ClassCastException'{0x00000000c56e5ac8}> (0x00000000c56e5ac8) 
thrown [s\src\hotspot\share\runtime\sharedRuntime.cpp, line 628]
Event: 4122.600 Thread 0x000001d85616aff0 Exception <a 'java/lang/NoSuchMethodError'{0x00000000c5591a30}: 'java.lang.Object java.lang.invoke.DirectMethodHandle$Holder.invokeStatic(java.lang.Object, java.lang.Object, java.lang.Object, java.lang.Object, int)'> (0x00000000c5591a30) 
thrown [s\src\hotspot\share\interpreter\linkResolver.cpp, line 759]

VM Operations (20 events):
Event: 106038.825 Executing VM operation: G1CollectFull done
Event: 106049.089 Executing VM operation: G1CollectFull
Event: 106049.126 Executing VM operation: G1CollectFull done
Event: 106059.377 Executing VM operation: G1CollectFull
Event: 106059.415 Executing VM operation: G1CollectFull done
Event: 106069.646 Executing VM operation: G1CollectFull
Event: 106069.677 Executing VM operation: G1CollectFull done
Event: 106080.009 Executing VM operation: G1CollectFull
Event: 106080.045 Executing VM operation: G1CollectFull done
Event: 106090.353 Executing VM operation: G1CollectFull
Event: 106090.398 Executing VM operation: G1CollectFull done
Event: 106100.660 Executing VM operation: G1CollectFull
Event: 106100.692 Executing VM operation: G1CollectFull done
Event: 106110.958 Executing VM operation: G1CollectFull
Event: 106110.989 Executing VM operation: G1CollectFull done
Event: 106121.232 Executing VM operation: G1CollectFull
Event: 106121.262 Executing VM operation: G1CollectFull done
Event: 106131.711 Executing VM operation: G1CollectFull
Event: 106131.773 Executing VM operation: G1CollectFull done
Event: 106141.814 Executing VM operation: G1CollectFull

Events (20 events):
Event: 4426.968 Thread 0x000001d855d60350 Thread added: 0x000001d855d60350
Event: 4487.681 Thread 0x000001d855d60350 Thread exited: 0x000001d855d60350
Event: 4544.031 Thread 0x000001d855d5fe40 Thread exited: 0x000001d855d5fe40
Event: 4553.122 Thread 0x000001d85616ba10 Thread exited: 0x000001d85616ba10
Event: 4555.141 Thread 0x000001d855d5fe40 Thread added: 0x000001d855d5fe40
Event: 4555.141 Thread 0x000001d8541683c0 Thread added: 0x000001d8541683c0
Event: 4576.108 Thread 0x000001d855d60350 Thread added: 0x000001d855d60350
Event: 4621.719 Thread 0x000001d855d60860 Thread added: 0x000001d855d60860
Event: 4681.722 Thread 0x000001d855d60860 Thread exited: 0x000001d855d60860
Event: 4681.768 Thread 0x000001d855d60350 Thread exited: 0x000001d855d60350
Event: 4682.418 Thread 0x000001d8564818a0 Thread added: 0x000001d8564818a0
Event: 4742.425 Thread 0x000001d855d5fe40 Thread exited: 0x000001d855d5fe40
Event: 4742.425 Thread 0x000001d8541683c0 Thread exited: 0x000001d8541683c0
Event: 4751.342 Thread 0x000001d8564818a0 Thread exited: 0x000001d8564818a0
Event: 40804.156 Thread 0x000001d855d5fe40 Thread added: 0x000001d855d5fe40
Event: 40804.183 Thread 0x000001d855fe29d0 Thread added: 0x000001d855fe29d0
Event: 40804.265 Thread 0x000001d855d60350 Thread added: 0x000001d855d60350
Event: 40864.347 Thread 0x000001d855fe29d0 Thread exited: 0x000001d855fe29d0
Event: 40864.349 Thread 0x000001d855d5fe40 Thread exited: 0x000001d855d5fe40
Event: 40880.889 Thread 0x000001d855d60350 Thread exited: 0x000001d855d60350


Dynamic libraries:
0x00007ff6443e0000 - 0x00007ff6443ee000 	c:\Users\BILAL\.vscode\extensions\redhat.java-1.23.0-win32-x64\jre\17.0.8.1-win32-x86_64\bin\java.exe
0x00007ffcb27b0000 - 0x00007ffcb29c7000 	C:\WINDOWS\SYSTEM32\ntdll.dll
0x00007ffcb1800000 - 0x00007ffcb18c4000 	C:\WINDOWS\System32\KERNEL32.DLL
0x00007ffcb0160000 - 0x00007ffcb0506000 	C:\WINDOWS\System32\KERNELBASE.dll
0x00007ffcb0040000 - 0x00007ffcb0151000 	C:\WINDOWS\System32\ucrtbase.dll
0x00007ffca8db0000 - 0x00007ffca8dc9000 	c:\Users\BILAL\.vscode\extensions\redhat.java-1.23.0-win32-x64\jre\17.0.8.1-win32-x86_64\bin\VCRUNTIME140.dll
0x00007ffca9470000 - 0x00007ffca9487000 	c:\Users\BILAL\.vscode\extensions\redhat.java-1.23.0-win32-x64\jre\17.0.8.1-win32-x86_64\bin\jli.dll
0x00007ffcb25c0000 - 0x00007ffcb276d000 	C:\WINDOWS\System32\USER32.dll
0x00007ffcafdb0000 - 0x00007ffcafdd6000 	C:\WINDOWS\System32\win32u.dll
0x00007ffcb11f0000 - 0x00007ffcb1219000 	C:\WINDOWS\System32\GDI32.dll
0x00007ffcafde0000 - 0x00007ffcafef8000 	C:\WINDOWS\System32\gdi32full.dll
0x00007ffcaed60000 - 0x00007ffcaeff3000 	C:\WINDOWS\WinSxS\amd64_microsoft.windows.common-controls_6595b64144ccf1df_6.0.22621.2361_none_2712ced57382f843\COMCTL32.dll
0x00007ffcafca0000 - 0x00007ffcafd3a000 	C:\WINDOWS\System32\msvcp_win.dll
0x00007ffcb2510000 - 0x00007ffcb25b7000 	C:\WINDOWS\System32\msvcrt.dll
0x00007ffcb1b10000 - 0x00007ffcb1b41000 	C:\WINDOWS\System32\IMM32.DLL
0x00007ffc9e400000 - 0x00007ffc9e40c000 	c:\Users\BILAL\.vscode\extensions\redhat.java-1.23.0-win32-x64\jre\17.0.8.1-win32-x86_64\bin\vcruntime140_1.dll
0x00007ffc668e0000 - 0x00007ffc66971000 	c:\Users\BILAL\.vscode\extensions\redhat.java-1.23.0-win32-x64\jre\17.0.8.1-win32-x86_64\bin\msvcp140.dll
0x00007ffc65c90000 - 0x00007ffc668dc000 	c:\Users\BILAL\.vscode\extensions\redhat.java-1.23.0-win32-x64\jre\17.0.8.1-win32-x86_64\bin\server\jvm.dll
0x00007ffcb16a0000 - 0x00007ffcb1750000 	C:\WINDOWS\System32\ADVAPI32.dll
0x00007ffcb1750000 - 0x00007ffcb17f6000 	C:\WINDOWS\System32\sechost.dll
0x00007ffcb22f0000 - 0x00007ffcb2407000 	C:\WINDOWS\System32\RPCRT4.dll
0x00007ffcaf460000 - 0x00007ffcaf4ad000 	C:\WINDOWS\SYSTEM32\POWRPROF.dll
0x00007ffc8bca0000 - 0x00007ffc8bca9000 	C:\WINDOWS\SYSTEM32\WSOCK32.dll
0x00007ffca5de0000 - 0x00007ffca5dea000 	C:\WINDOWS\SYSTEM32\VERSION.dll
0x00007ffcb1940000 - 0x00007ffcb19b1000 	C:\WINDOWS\System32\WS2_32.dll
0x00007ffca7bd0000 - 0x00007ffca7c04000 	C:\WINDOWS\SYSTEM32\WINMM.dll
0x00007ffcaf130000 - 0x00007ffcaf143000 	C:\WINDOWS\SYSTEM32\UMPDC.dll
0x00007ffcae520000 - 0x00007ffcae538000 	C:\WINDOWS\SYSTEM32\kernel.appcore.dll
0x00007ffc95d70000 - 0x00007ffc95d7a000 	c:\Users\BILAL\.vscode\extensions\redhat.java-1.23.0-win32-x64\jre\17.0.8.1-win32-x86_64\bin\jimage.dll
0x00007ffcaf4b0000 - 0x00007ffcaf6de000 	C:\WINDOWS\SYSTEM32\DBGHELP.DLL
0x00007ffcb1bb0000 - 0x00007ffcb1f3a000 	C:\WINDOWS\System32\combase.dll
0x00007ffcb2210000 - 0x00007ffcb22e7000 	C:\WINDOWS\System32\OLEAUT32.dll
0x00007ffcaf320000 - 0x00007ffcaf352000 	C:\WINDOWS\SYSTEM32\dbgcore.DLL
0x00007ffcaff00000 - 0x00007ffcaff7a000 	C:\WINDOWS\System32\bcryptPrimitives.dll
0x00007ffc65c60000 - 0x00007ffc65c85000 	c:\Users\BILAL\.vscode\extensions\redhat.java-1.23.0-win32-x64\jre\17.0.8.1-win32-x86_64\bin\java.dll
0x00007ffc8f9e0000 - 0x00007ffc8f9f8000 	c:\Users\BILAL\.vscode\extensions\redhat.java-1.23.0-win32-x64\jre\17.0.8.1-win32-x86_64\bin\zip.dll
0x00007ffcb0710000 - 0x00007ffcb0f68000 	C:\WINDOWS\System32\SHELL32.dll
0x00007ffcad0a0000 - 0x00007ffcad992000 	C:\WINDOWS\SYSTEM32\windows.storage.dll
0x00007ffcacf40000 - 0x00007ffcad07e000 	C:\WINDOWS\SYSTEM32\wintypes.dll
0x00007ffcb0520000 - 0x00007ffcb0613000 	C:\WINDOWS\System32\SHCORE.dll
0x00007ffcb1b50000 - 0x00007ffcb1bae000 	C:\WINDOWS\System32\shlwapi.dll
0x00007ffcafa60000 - 0x00007ffcafa86000 	C:\WINDOWS\SYSTEM32\profapi.dll
0x00007ffc89f90000 - 0x00007ffc89fa9000 	C:\Users\BILAL\.vscode\extensions\redhat.java-1.23.0-win32-x64\jre\17.0.8.1-win32-x86_64\bin\net.dll
0x00007ffca7740000 - 0x00007ffca7877000 	C:\WINDOWS\SYSTEM32\WINHTTP.dll
0x00007ffcae960000 - 0x00007ffcae9c9000 	C:\WINDOWS\system32\mswsock.dll
0x00007ffc85510000 - 0x00007ffc85525000 	C:\Users\BILAL\.vscode\extensions\redhat.java-1.23.0-win32-x64\jre\17.0.8.1-win32-x86_64\bin\nio.dll
0x00007ffcaf7d0000 - 0x00007ffcaf7eb000 	C:\WINDOWS\SYSTEM32\CRYPTSP.dll
0x00007ffcae320000 - 0x00007ffcae355000 	C:\WINDOWS\system32\rsaenh.dll
0x00007ffcaea50000 - 0x00007ffcaea7c000 	C:\WINDOWS\SYSTEM32\USERENV.dll
0x00007ffcaf430000 - 0x00007ffcaf458000 	C:\WINDOWS\SYSTEM32\bcrypt.dll
0x00007ffcaebb0000 - 0x00007ffcaebbc000 	C:\WINDOWS\SYSTEM32\CRYPTBASE.dll
0x00007ffcade00000 - 0x00007ffcade2d000 	C:\WINDOWS\SYSTEM32\IPHLPAPI.DLL
0x00007ffcb2130000 - 0x00007ffcb2139000 	C:\WINDOWS\System32\NSI.dll
0x00007ffca7c60000 - 0x00007ffca7c79000 	C:\WINDOWS\SYSTEM32\dhcpcsvc6.DLL
0x00007ffca7c40000 - 0x00007ffca7c5f000 	C:\WINDOWS\SYSTEM32\dhcpcsvc.DLL
0x00007ffcade70000 - 0x00007ffcadf69000 	C:\WINDOWS\SYSTEM32\DNSAPI.dll
0x00007ffc8f990000 - 0x00007ffc8f9a0000 	c:\Users\BILAL\.vscode\extensions\redhat.java-1.23.0-win32-x64\jre\17.0.8.1-win32-x86_64\bin\verify.dll
0x00007ffcaa790000 - 0x00007ffcaa799000 	C:\Users\BILAL\.vscode\extensions\redhat.java-1.23.0-win32-x64\jre\17.0.8.1-win32-x86_64\bin\management.dll
0x00007ffcaa780000 - 0x00007ffcaa78b000 	C:\Users\BILAL\.vscode\extensions\redhat.java-1.23.0-win32-x64\jre\17.0.8.1-win32-x86_64\bin\management_ext.dll
0x00007ffcb2120000 - 0x00007ffcb2128000 	C:\WINDOWS\System32\PSAPI.DLL
0x00007ffcaa730000 - 0x00007ffcaa73e000 	C:\Users\BILAL\.vscode\extensions\redhat.java-1.23.0-win32-x64\jre\17.0.8.1-win32-x86_64\bin\sunmscapi.dll
0x00007ffcafb30000 - 0x00007ffcafc96000 	C:\WINDOWS\System32\CRYPT32.dll
0x00007ffcaf000000 - 0x00007ffcaf02d000 	C:\WINDOWS\SYSTEM32\ncrypt.dll
0x00007ffcaed20000 - 0x00007ffcaed57000 	C:\WINDOWS\SYSTEM32\NTASN1.dll
0x00007ffc914c0000 - 0x00007ffc914ca000 	C:\Windows\System32\rasadhlp.dll
0x00007ffca55c0000 - 0x00007ffca5644000 	C:\WINDOWS\System32\fwpuclnt.dll

dbghelp: loaded successfully - version: 4.0.5 - missing functions: none
symbol engine: initialized successfully - sym options: 0x614 - pdb path: .;c:\Users\BILAL\.vscode\extensions\redhat.java-1.23.0-win32-x64\jre\17.0.8.1-win32-x86_64\bin;C:\WINDOWS\SYSTEM32;C:\WINDOWS\WinSxS\amd64_microsoft.windows.common-controls_6595b64144ccf1df_6.0.22621.2361_none_2712ced57382f843;c:\Users\BILAL\.vscode\extensions\redhat.java-1.23.0-win32-x64\jre\17.0.8.1-win32-x86_64\bin\server

VM Arguments:
jvm_args: -XX:+HeapDumpOnOutOfMemoryError -Xmx1024m -Dsts.lsp.client=vscode -Dsts.log.file=/dev/null -XX:TieredStopAtLevel=1 -Xlog:jni+resolve=off -Dspring.config.location=file:c:\Users\BILAL\.vscode\extensions\vmware.vscode-spring-boot-1.49.0\language-server\BOOT-INF\classes\application.properties 
java_command: org.springframework.ide.vscode.boot.app.BootLanguageServerBootApp
java_class_path (initial): c:\Users\BILAL\.vscode\extensions\vmware.vscode-spring-boot-1.49.0\language-server\BOOT-INF\classes;c:\Users\BILAL\.vscode\extensions\vmware.vscode-spring-boot-1.49.0\language-server\BOOT-INF\lib\annotations-24.0.1.jar;c:\Users\BILAL\.vscode\extensions\vmware.vscode-spring-boot-1.49.0\language-server\BOOT-INF\lib\antlr-runtime-3.5.3.jar;c:\Users\BILAL\.vscode\extensions\vmware.vscode-spring-boot-1.49.0\language-server\BOOT-INF\lib\antlr4-4.11.1.jar;c:\Users\BILAL\.vscode\extensions\vmware.vscode-spring-boot-1.49.0\language-server\BOOT-INF\lib\antlr4-runtime-4.11.1.jar;c:\Users\BILAL\.vscode\extensions\vmware.vscode-spring-boot-1.49.0\language-server\BOOT-INF\lib\archunit-1.1.0.jar;c:\Users\BILAL\.vscode\extensions\vmware.vscode-spring-boot-1.49.0\language-server\BOOT-INF\lib\asm-9.5.jar;c:\Users\BILAL\.vscode\extensions\vmware.vscode-spring-boot-1.49.0\language-server\BOOT-INF\lib\asm-analysis-9.5.jar;c:\Users\BILAL\.vscode\extensions\vmware.vscode-spring-boot-1.49.0\language-server\BOOT-INF\lib\asm-tree-9.5.jar;c:\Users\BILAL\.vscode\extensions\vmware.vscode-spring-boot-1.49.0\language-server\BOOT-INF\lib\asm-util-9.5.jar;c:\Users\BILAL\.vscode\extensions\vmware.vscode-spring-boot-1.49.0\language-server\BOOT-INF\lib\bosh-language-server-1.49.0-SNAPSHOT.jar;c:\Users\BILAL\.vscode\extensions\vmware.vscode-spring-boot-1.49.0\language-server\BOOT-INF\lib\caffeine-3.1.6.jar;c:\Users\BILAL\.vscode\extensions\vmware.vscode-spring-boot-1.49.0\language-server\BOOT-INF\lib\checker-qual-3.12.0.jar;c:\Users\BILAL\.vscode\extensions\vmware.vscode-spring-boot-1.49.0\language-server\BOOT-INF\lib\classgraph-4.8.149.jar;c:\Users\BILAL\.vscode\extensions\vmware.vscode-spring-boot-1.49.0\language-server\BOOT-INF\lib\commons-codec-1.15.jar;c:\Users\BILAL\.vscode\extensions\vmware.vscode-spring-boot-1.49.0\language-server\BOOT-INF\lib\commons-compress-1.23.0.jar;c:\Users\BILAL\.vscode\extensions\vmware.vscode-spring-boot-1.49.0\language-server\BOOT-INF\lib\
Launcher Type: SUN_STANDARD

[Global flags]
     intx CICompilerCount                          = 12                                        {product} {ergonomic}
     uint ConcGCThreads                            = 3                                         {product} {ergonomic}
     uint G1ConcRefinementThreads                  = 13                                        {product} {ergonomic}
   size_t G1HeapRegionSize                         = 1048576                                   {product} {ergonomic}
    uintx GCDrainStackTargetSize                   = 64                                        {product} {ergonomic}
     bool HeapDumpOnOutOfMemoryError               = true                                   {manageable} {command line}
   size_t InitialHeapSize                          = 123731968                                 {product} {ergonomic}
   size_t MarkStackSize                            = 4194304                                   {product} {ergonomic}
   size_t MaxHeapSize                              = 1073741824                                {product} {command line}
   size_t MaxNewSize                               = 643825664                                 {product} {ergonomic}
   size_t MinHeapDeltaBytes                        = 1048576                                   {product} {ergonomic}
   size_t MinHeapSize                              = 8388608                                   {product} {ergonomic}
    uintx NonProfiledCodeHeapSize                  = 0                                      {pd product} {ergonomic}
     bool ProfileInterpreter                       = false                                  {pd product} {command line}
    uintx ProfiledCodeHeapSize                     = 0                                      {pd product} {ergonomic}
   size_t SoftMaxHeapSize                          = 1073741824                             {manageable} {ergonomic}
     intx TieredStopAtLevel                        = 1                                         {product} {command line}
     bool UseCompressedClassPointers               = true                           {product lp64_product} {ergonomic}
     bool UseCompressedOops                        = true                           {product lp64_product} {ergonomic}
     bool UseG1GC                                  = true                                      {product} {ergonomic}
     bool UseLargePagesIndividualAllocation        = false                                  {pd product} {ergonomic}

Logging:
Log output configuration:
 #0: stdout all=warning,jni+resolve=off uptime,level,tags
 #1: stderr all=off uptime,level,tags

Environment Variables:
JAVA_HOME=C:\Program Files\Java\jdk-20.0.2
PATH=C:\Program Files\Java\jdk-20.0.2\bin;C:\Program Files\Common Files\Oracle\Java\javapath;C:\windows\system32;C:\windows;C:\windows\System32\Wbem;C:\windows\System32\WindowsPowerShell\v1.0\;C:\windows\System32\OpenSSH\;C:\Program Files (x86)\NVIDIA Corporation\PhysX\Common;C:\Program Files\NVIDIA Corporation\NVIDIA NvDLISR;C:\WINDOWS\system32;C:\WINDOWS;C:\WINDOWS\System32\Wbem;C:\WINDOWS\System32\WindowsPowerShell\v1.0\;C:\WINDOWS\System32\OpenSSH\;C:\Program Files\apache-maven-3.8.4\bin;C:\Program Files\nodejs\;C:\Program Files\Git\cmd;C:\Program Files\Git\bin\;C:\Program Files\MongoDB\Server\6.0\bin;C:\Program Files\ffmpeg\ffmpeg-6.0-essentials_build\bin;C:\Program Files\Java\jdk-20.0.2\bin;C:\Program Files\Java\jdk-20.0.2;C:\Users\BILAL\AppData\Local\Programs\Python\Python310\Scripts\;C:\Users\BILAL\AppData\Local\Programs\Python\Python310\;C:\Program Files\MySQL\MySQL Shell 8.0\bin\;C:\Users\BILAL\AppData\Local\Microsoft\WindowsApps;C:\Program Files\JetBrains\IntelliJ IDEA Community Edition 2021.3\bin;;C:\Users\BILAL\AppData\Local\Programs\Microsoft VS Code\bin;C:\Users\BILAL\AppData\Roaming\npm;C:\Users\BILAL\SampleProjects\JavaeeGettingStartedFinal\demos\demos\bookstore-front\node_modules\@angular\cli\bin;C:\Program Files\MongoDB\Server\6.0\bin;C:\Program Files\JetBrains\PyCharm Community Edition 2023.1\bin;;C:\Program Files\ffmpeg\ffmpeg-6.0-essentials_build\bin;C:\Program Files\Java\jdk-20.0.2\bin;C:\Users\BILAL\AppData\Local\Programs\MiKTeX\miktex\bin\x64\
USERNAME=BILAL
OS=Windows_NT
PROCESSOR_IDENTIFIER=AMD64 Family 23 Model 96 Stepping 1, AuthenticAMD
TMP=C:\Users\BILAL\AppData\Local\Temp
TEMP=C:\Users\BILAL\AppData\Local\Temp



---------------  S Y S T E M  ---------------

OS:
 Windows 11 , 64 bit Build 22621 (10.0.22621.2428)
OS uptime: 1 days 5:41 hours

CPU: total 16 (initial active 16) (16 cores per cpu, 2 threads per core) family 23 model 96 stepping 1 microcode 0x0, cx8, cmov, fxsr, ht, mmx, 3dnowpref, sse, sse2, sse3, ssse3, sse4a, sse4.1, sse4.2, popcnt, lzcnt, tsc, tscinvbit, avx, avx2, aes, clmul, bmi1, bmi2, adx, sha, fma, vzeroupper, clflush, clflushopt
Processor Information for all 16 processors :
  Max Mhz: 2900, Current Mhz: 2900, Mhz Limit: 2900

Memory: 4k page, system-wide physical 7540M (361M free)
TotalPageFile size 31092M (AvailPageFile size 7M)
current process WorkingSet (physical memory assigned to process): 71M, peak: 202M
current process commit charge ("private bytes"): 266M, peak: 287M

vm_info: OpenJDK 64-Bit Server VM (17.0.8.1+1) for windows-amd64 JRE (17.0.8.1+1), built on Aug 23 2023 15:29:17 by "admin" with MS VC++ 16.7 (VS2019)

END.
